[2024-12-08T05:57:01.040+0000] {processor.py:157} INFO - Started process (PID=4371) to work on /home/vscode/.local/lib/python3.10/site-packages/airflow/example_dags/example_external_task_marker_dag.py
[2024-12-08T05:57:01.041+0000] {processor.py:826} INFO - Processing file /home/vscode/.local/lib/python3.10/site-packages/airflow/example_dags/example_external_task_marker_dag.py for tasks to queue
[2024-12-08T05:57:01.041+0000] {logging_mixin.py:150} INFO - [2024-12-08T05:57:01.041+0000] {dagbag.py:541} INFO - Filling up the DagBag from /home/vscode/.local/lib/python3.10/site-packages/airflow/example_dags/example_external_task_marker_dag.py
[2024-12-08T05:57:01.045+0000] {processor.py:836} INFO - DAG(s) dict_keys(['example_external_task_marker_child', 'example_external_task_marker_parent']) retrieved from /home/vscode/.local/lib/python3.10/site-packages/airflow/example_dags/example_external_task_marker_dag.py
[2024-12-08T05:57:01.186+0000] {logging_mixin.py:150} INFO - [2024-12-08T05:57:01.186+0000] {manager.py:504} INFO - Created Permission View: can read on DAG:example_external_task_marker_child
[2024-12-08T05:57:01.193+0000] {logging_mixin.py:150} INFO - [2024-12-08T05:57:01.193+0000] {manager.py:504} INFO - Created Permission View: can edit on DAG:example_external_task_marker_child
[2024-12-08T05:57:01.198+0000] {logging_mixin.py:150} INFO - [2024-12-08T05:57:01.198+0000] {manager.py:504} INFO - Created Permission View: can delete on DAG:example_external_task_marker_child
[2024-12-08T05:57:01.214+0000] {logging_mixin.py:150} INFO - [2024-12-08T05:57:01.214+0000] {manager.py:504} INFO - Created Permission View: can read on DAG:example_external_task_marker_parent
[2024-12-08T05:57:01.219+0000] {logging_mixin.py:150} INFO - [2024-12-08T05:57:01.219+0000] {manager.py:504} INFO - Created Permission View: can edit on DAG:example_external_task_marker_parent
[2024-12-08T05:57:01.224+0000] {logging_mixin.py:150} INFO - [2024-12-08T05:57:01.223+0000] {manager.py:504} INFO - Created Permission View: can delete on DAG:example_external_task_marker_parent
[2024-12-08T05:57:01.227+0000] {logging_mixin.py:150} INFO - [2024-12-08T05:57:01.226+0000] {dag.py:2742} INFO - Sync 2 DAGs
[2024-12-08T05:57:01.232+0000] {logging_mixin.py:150} INFO - [2024-12-08T05:57:01.232+0000] {dag.py:2763} INFO - Creating ORM DAG for example_external_task_marker_child
[2024-12-08T05:57:01.233+0000] {logging_mixin.py:150} INFO - [2024-12-08T05:57:01.233+0000] {dag.py:2763} INFO - Creating ORM DAG for example_external_task_marker_parent
[2024-12-08T05:57:01.238+0000] {logging_mixin.py:150} INFO - [2024-12-08T05:57:01.238+0000] {dag.py:3504} INFO - Setting next_dagrun for example_external_task_marker_child to None, run_after=None
[2024-12-08T05:57:01.239+0000] {logging_mixin.py:150} INFO - [2024-12-08T05:57:01.239+0000] {dag.py:3504} INFO - Setting next_dagrun for example_external_task_marker_parent to None, run_after=None
[2024-12-08T05:57:01.253+0000] {processor.py:179} INFO - Processing /home/vscode/.local/lib/python3.10/site-packages/airflow/example_dags/example_external_task_marker_dag.py took 0.215 seconds
[2024-12-08T05:57:48.908+0000] {processor.py:157} INFO - Started process (PID=4702) to work on /home/vscode/.local/lib/python3.10/site-packages/airflow/example_dags/example_external_task_marker_dag.py
[2024-12-08T05:57:48.909+0000] {processor.py:826} INFO - Processing file /home/vscode/.local/lib/python3.10/site-packages/airflow/example_dags/example_external_task_marker_dag.py for tasks to queue
[2024-12-08T05:57:48.910+0000] {logging_mixin.py:150} INFO - [2024-12-08T05:57:48.909+0000] {dagbag.py:541} INFO - Filling up the DagBag from /home/vscode/.local/lib/python3.10/site-packages/airflow/example_dags/example_external_task_marker_dag.py
[2024-12-08T05:57:48.915+0000] {processor.py:836} INFO - DAG(s) dict_keys(['example_external_task_marker_child', 'example_external_task_marker_parent']) retrieved from /home/vscode/.local/lib/python3.10/site-packages/airflow/example_dags/example_external_task_marker_dag.py
[2024-12-08T05:57:48.936+0000] {logging_mixin.py:150} INFO - [2024-12-08T05:57:48.935+0000] {dag.py:2742} INFO - Sync 2 DAGs
[2024-12-08T05:57:48.954+0000] {logging_mixin.py:150} INFO - [2024-12-08T05:57:48.954+0000] {dag.py:3504} INFO - Setting next_dagrun for example_external_task_marker_child to None, run_after=None
[2024-12-08T05:57:48.956+0000] {logging_mixin.py:150} INFO - [2024-12-08T05:57:48.956+0000] {dag.py:3504} INFO - Setting next_dagrun for example_external_task_marker_parent to None, run_after=None
[2024-12-08T05:57:48.970+0000] {processor.py:179} INFO - Processing /home/vscode/.local/lib/python3.10/site-packages/airflow/example_dags/example_external_task_marker_dag.py took 0.065 seconds
