[2024-12-08T05:56:36.564+0000] {processor.py:157} INFO - Started process (PID=4206) to work on /home/vscode/.local/lib/python3.10/site-packages/airflow/example_dags/example_trigger_target_dag.py
[2024-12-08T05:56:36.565+0000] {processor.py:826} INFO - Processing file /home/vscode/.local/lib/python3.10/site-packages/airflow/example_dags/example_trigger_target_dag.py for tasks to queue
[2024-12-08T05:56:36.565+0000] {logging_mixin.py:150} INFO - [2024-12-08T05:56:36.565+0000] {dagbag.py:541} INFO - Filling up the DagBag from /home/vscode/.local/lib/python3.10/site-packages/airflow/example_dags/example_trigger_target_dag.py
[2024-12-08T05:56:36.571+0000] {processor.py:836} INFO - DAG(s) dict_keys(['example_trigger_target_dag']) retrieved from /home/vscode/.local/lib/python3.10/site-packages/airflow/example_dags/example_trigger_target_dag.py
[2024-12-08T05:56:36.712+0000] {logging_mixin.py:150} INFO - [2024-12-08T05:56:36.712+0000] {manager.py:504} INFO - Created Permission View: can read on DAG:example_trigger_target_dag
[2024-12-08T05:56:36.719+0000] {logging_mixin.py:150} INFO - [2024-12-08T05:56:36.719+0000] {manager.py:504} INFO - Created Permission View: can edit on DAG:example_trigger_target_dag
[2024-12-08T05:56:36.724+0000] {logging_mixin.py:150} INFO - [2024-12-08T05:56:36.724+0000] {manager.py:504} INFO - Created Permission View: can delete on DAG:example_trigger_target_dag
[2024-12-08T05:56:36.731+0000] {logging_mixin.py:150} INFO - [2024-12-08T05:56:36.731+0000] {dag.py:2742} INFO - Sync 1 DAGs
[2024-12-08T05:56:36.738+0000] {logging_mixin.py:150} INFO - [2024-12-08T05:56:36.738+0000] {dag.py:2763} INFO - Creating ORM DAG for example_trigger_target_dag
[2024-12-08T05:56:36.743+0000] {logging_mixin.py:150} INFO - [2024-12-08T05:56:36.743+0000] {dag.py:3504} INFO - Setting next_dagrun for example_trigger_target_dag to None, run_after=None
[2024-12-08T05:56:36.756+0000] {processor.py:179} INFO - Processing /home/vscode/.local/lib/python3.10/site-packages/airflow/example_dags/example_trigger_target_dag.py took 0.194 seconds
[2024-12-08T05:57:29.493+0000] {processor.py:157} INFO - Started process (PID=4559) to work on /home/vscode/.local/lib/python3.10/site-packages/airflow/example_dags/example_trigger_target_dag.py
[2024-12-08T05:57:29.494+0000] {processor.py:826} INFO - Processing file /home/vscode/.local/lib/python3.10/site-packages/airflow/example_dags/example_trigger_target_dag.py for tasks to queue
[2024-12-08T05:57:29.494+0000] {logging_mixin.py:150} INFO - [2024-12-08T05:57:29.494+0000] {dagbag.py:541} INFO - Filling up the DagBag from /home/vscode/.local/lib/python3.10/site-packages/airflow/example_dags/example_trigger_target_dag.py
[2024-12-08T05:57:29.498+0000] {processor.py:836} INFO - DAG(s) dict_keys(['example_trigger_target_dag']) retrieved from /home/vscode/.local/lib/python3.10/site-packages/airflow/example_dags/example_trigger_target_dag.py
[2024-12-08T05:57:29.509+0000] {logging_mixin.py:150} INFO - [2024-12-08T05:57:29.509+0000] {dag.py:2742} INFO - Sync 1 DAGs
[2024-12-08T05:57:29.522+0000] {logging_mixin.py:150} INFO - [2024-12-08T05:57:29.522+0000] {dag.py:3504} INFO - Setting next_dagrun for example_trigger_target_dag to None, run_after=None
[2024-12-08T05:57:29.535+0000] {processor.py:179} INFO - Processing /home/vscode/.local/lib/python3.10/site-packages/airflow/example_dags/example_trigger_target_dag.py took 0.044 seconds
[2024-12-08T05:58:15.722+0000] {processor.py:157} INFO - Started process (PID=4909) to work on /home/vscode/.local/lib/python3.10/site-packages/airflow/example_dags/example_trigger_target_dag.py
[2024-12-08T05:58:15.722+0000] {processor.py:826} INFO - Processing file /home/vscode/.local/lib/python3.10/site-packages/airflow/example_dags/example_trigger_target_dag.py for tasks to queue
[2024-12-08T05:58:15.723+0000] {logging_mixin.py:150} INFO - [2024-12-08T05:58:15.723+0000] {dagbag.py:541} INFO - Filling up the DagBag from /home/vscode/.local/lib/python3.10/site-packages/airflow/example_dags/example_trigger_target_dag.py
[2024-12-08T05:58:15.727+0000] {processor.py:836} INFO - DAG(s) dict_keys(['example_trigger_target_dag']) retrieved from /home/vscode/.local/lib/python3.10/site-packages/airflow/example_dags/example_trigger_target_dag.py
[2024-12-08T05:58:15.737+0000] {logging_mixin.py:150} INFO - [2024-12-08T05:58:15.737+0000] {dag.py:2742} INFO - Sync 1 DAGs
[2024-12-08T05:58:15.750+0000] {logging_mixin.py:150} INFO - [2024-12-08T05:58:15.750+0000] {dag.py:3504} INFO - Setting next_dagrun for example_trigger_target_dag to None, run_after=None
[2024-12-08T05:58:15.764+0000] {processor.py:179} INFO - Processing /home/vscode/.local/lib/python3.10/site-packages/airflow/example_dags/example_trigger_target_dag.py took 0.044 seconds
