[2024-12-08T05:56:50.699+0000] {processor.py:157} INFO - Started process (PID=4303) to work on /home/vscode/.local/lib/python3.10/site-packages/airflow/example_dags/example_subdag_operator.py
[2024-12-08T05:56:50.699+0000] {processor.py:826} INFO - Processing file /home/vscode/.local/lib/python3.10/site-packages/airflow/example_dags/example_subdag_operator.py for tasks to queue
[2024-12-08T05:56:50.700+0000] {logging_mixin.py:150} INFO - [2024-12-08T05:56:50.699+0000] {dagbag.py:541} INFO - Filling up the DagBag from /home/vscode/.local/lib/python3.10/site-packages/airflow/example_dags/example_subdag_operator.py
[2024-12-08T05:56:50.713+0000] {processor.py:836} INFO - DAG(s) dict_keys(['example_subdag_operator.section-1', 'example_subdag_operator.section-2', 'example_subdag_operator']) retrieved from /home/vscode/.local/lib/python3.10/site-packages/airflow/example_dags/example_subdag_operator.py
[2024-12-08T05:56:50.865+0000] {logging_mixin.py:150} INFO - [2024-12-08T05:56:50.865+0000] {manager.py:504} INFO - Created Permission View: can read on DAG:example_subdag_operator
[2024-12-08T05:56:50.872+0000] {logging_mixin.py:150} INFO - [2024-12-08T05:56:50.872+0000] {manager.py:504} INFO - Created Permission View: can edit on DAG:example_subdag_operator
[2024-12-08T05:56:50.877+0000] {logging_mixin.py:150} INFO - [2024-12-08T05:56:50.877+0000] {manager.py:504} INFO - Created Permission View: can delete on DAG:example_subdag_operator
[2024-12-08T05:56:50.884+0000] {logging_mixin.py:150} INFO - [2024-12-08T05:56:50.883+0000] {dag.py:2742} INFO - Sync 3 DAGs
[2024-12-08T05:56:50.889+0000] {logging_mixin.py:150} INFO - [2024-12-08T05:56:50.889+0000] {dag.py:2763} INFO - Creating ORM DAG for example_subdag_operator.section-1
[2024-12-08T05:56:50.890+0000] {logging_mixin.py:150} INFO - [2024-12-08T05:56:50.889+0000] {dag.py:2763} INFO - Creating ORM DAG for example_subdag_operator.section-2
[2024-12-08T05:56:50.890+0000] {logging_mixin.py:150} INFO - [2024-12-08T05:56:50.890+0000] {dag.py:2763} INFO - Creating ORM DAG for example_subdag_operator
[2024-12-08T05:56:50.895+0000] {logging_mixin.py:150} INFO - [2024-12-08T05:56:50.895+0000] {dag.py:3504} INFO - Setting next_dagrun for example_subdag_operator to 2022-01-01T00:00:00+00:00, run_after=2022-01-01T00:00:00+00:00
[2024-12-08T05:56:50.895+0000] {logging_mixin.py:150} INFO - [2024-12-08T05:56:50.895+0000] {dag.py:3504} INFO - Setting next_dagrun for example_subdag_operator.section-1 to None, run_after=None
[2024-12-08T05:56:50.896+0000] {logging_mixin.py:150} INFO - [2024-12-08T05:56:50.896+0000] {dag.py:3504} INFO - Setting next_dagrun for example_subdag_operator.section-2 to None, run_after=None
[2024-12-08T05:56:50.900+0000] {logging_mixin.py:150} INFO - [2024-12-08T05:56:50.900+0000] {dag.py:2742} INFO - Sync 2 DAGs
[2024-12-08T05:56:50.903+0000] {logging_mixin.py:150} INFO - [2024-12-08T05:56:50.903+0000] {dag.py:3504} INFO - Setting next_dagrun for example_subdag_operator.section-1 to None, run_after=None
[2024-12-08T05:56:50.904+0000] {logging_mixin.py:150} INFO - [2024-12-08T05:56:50.904+0000] {dag.py:3504} INFO - Setting next_dagrun for example_subdag_operator.section-2 to None, run_after=None
[2024-12-08T05:56:50.914+0000] {processor.py:179} INFO - Processing /home/vscode/.local/lib/python3.10/site-packages/airflow/example_dags/example_subdag_operator.py took 0.218 seconds
[2024-12-08T05:57:39.765+0000] {processor.py:157} INFO - Started process (PID=4631) to work on /home/vscode/.local/lib/python3.10/site-packages/airflow/example_dags/example_subdag_operator.py
[2024-12-08T05:57:39.765+0000] {processor.py:826} INFO - Processing file /home/vscode/.local/lib/python3.10/site-packages/airflow/example_dags/example_subdag_operator.py for tasks to queue
[2024-12-08T05:57:39.766+0000] {logging_mixin.py:150} INFO - [2024-12-08T05:57:39.766+0000] {dagbag.py:541} INFO - Filling up the DagBag from /home/vscode/.local/lib/python3.10/site-packages/airflow/example_dags/example_subdag_operator.py
[2024-12-08T05:57:39.779+0000] {processor.py:836} INFO - DAG(s) dict_keys(['example_subdag_operator.section-1', 'example_subdag_operator.section-2', 'example_subdag_operator']) retrieved from /home/vscode/.local/lib/python3.10/site-packages/airflow/example_dags/example_subdag_operator.py
[2024-12-08T05:57:39.789+0000] {logging_mixin.py:150} INFO - [2024-12-08T05:57:39.789+0000] {dag.py:2742} INFO - Sync 3 DAGs
[2024-12-08T05:57:39.802+0000] {logging_mixin.py:150} INFO - [2024-12-08T05:57:39.802+0000] {dag.py:3504} INFO - Setting next_dagrun for example_subdag_operator to 2022-01-01T00:00:00+00:00, run_after=2022-01-01T00:00:00+00:00
[2024-12-08T05:57:39.805+0000] {logging_mixin.py:150} INFO - [2024-12-08T05:57:39.805+0000] {dag.py:3504} INFO - Setting next_dagrun for example_subdag_operator.section-1 to None, run_after=None
[2024-12-08T05:57:39.805+0000] {logging_mixin.py:150} INFO - [2024-12-08T05:57:39.805+0000] {dag.py:3504} INFO - Setting next_dagrun for example_subdag_operator.section-2 to None, run_after=None
[2024-12-08T05:57:39.809+0000] {logging_mixin.py:150} INFO - [2024-12-08T05:57:39.809+0000] {dag.py:2742} INFO - Sync 2 DAGs
[2024-12-08T05:57:39.812+0000] {logging_mixin.py:150} INFO - [2024-12-08T05:57:39.812+0000] {dag.py:3504} INFO - Setting next_dagrun for example_subdag_operator.section-1 to None, run_after=None
[2024-12-08T05:57:39.812+0000] {logging_mixin.py:150} INFO - [2024-12-08T05:57:39.812+0000] {dag.py:3504} INFO - Setting next_dagrun for example_subdag_operator.section-2 to None, run_after=None
[2024-12-08T05:57:39.822+0000] {processor.py:179} INFO - Processing /home/vscode/.local/lib/python3.10/site-packages/airflow/example_dags/example_subdag_operator.py took 0.059 seconds
[2024-12-08T05:58:27.098+0000] {processor.py:157} INFO - Started process (PID=5045) to work on /home/vscode/.local/lib/python3.10/site-packages/airflow/example_dags/example_subdag_operator.py
[2024-12-08T05:58:27.099+0000] {processor.py:826} INFO - Processing file /home/vscode/.local/lib/python3.10/site-packages/airflow/example_dags/example_subdag_operator.py for tasks to queue
[2024-12-08T05:58:27.099+0000] {logging_mixin.py:150} INFO - [2024-12-08T05:58:27.099+0000] {dagbag.py:541} INFO - Filling up the DagBag from /home/vscode/.local/lib/python3.10/site-packages/airflow/example_dags/example_subdag_operator.py
[2024-12-08T05:58:27.113+0000] {processor.py:836} INFO - DAG(s) dict_keys(['example_subdag_operator.section-1', 'example_subdag_operator.section-2', 'example_subdag_operator']) retrieved from /home/vscode/.local/lib/python3.10/site-packages/airflow/example_dags/example_subdag_operator.py
[2024-12-08T05:58:27.125+0000] {logging_mixin.py:150} INFO - [2024-12-08T05:58:27.125+0000] {dag.py:2742} INFO - Sync 3 DAGs
[2024-12-08T05:58:27.138+0000] {logging_mixin.py:150} INFO - [2024-12-08T05:58:27.138+0000] {dag.py:3504} INFO - Setting next_dagrun for example_subdag_operator to 2022-01-01T00:00:00+00:00, run_after=2022-01-01T00:00:00+00:00
[2024-12-08T05:58:27.140+0000] {logging_mixin.py:150} INFO - [2024-12-08T05:58:27.140+0000] {dag.py:3504} INFO - Setting next_dagrun for example_subdag_operator.section-1 to None, run_after=None
[2024-12-08T05:58:27.141+0000] {logging_mixin.py:150} INFO - [2024-12-08T05:58:27.141+0000] {dag.py:3504} INFO - Setting next_dagrun for example_subdag_operator.section-2 to None, run_after=None
[2024-12-08T05:58:27.145+0000] {logging_mixin.py:150} INFO - [2024-12-08T05:58:27.145+0000] {dag.py:2742} INFO - Sync 2 DAGs
[2024-12-08T05:58:27.148+0000] {logging_mixin.py:150} INFO - [2024-12-08T05:58:27.148+0000] {dag.py:3504} INFO - Setting next_dagrun for example_subdag_operator.section-1 to None, run_after=None
[2024-12-08T05:58:27.148+0000] {logging_mixin.py:150} INFO - [2024-12-08T05:58:27.148+0000] {dag.py:3504} INFO - Setting next_dagrun for example_subdag_operator.section-2 to None, run_after=None
[2024-12-08T05:58:27.158+0000] {processor.py:179} INFO - Processing /home/vscode/.local/lib/python3.10/site-packages/airflow/example_dags/example_subdag_operator.py took 0.062 seconds
