[2024-12-08T05:57:00.760+0000] {processor.py:157} INFO - Started process (PID=4370) to work on /home/vscode/.local/lib/python3.10/site-packages/airflow/example_dags/example_local_kubernetes_executor.py
[2024-12-08T05:57:00.761+0000] {processor.py:826} INFO - Processing file /home/vscode/.local/lib/python3.10/site-packages/airflow/example_dags/example_local_kubernetes_executor.py for tasks to queue
[2024-12-08T05:57:00.761+0000] {logging_mixin.py:150} INFO - [2024-12-08T05:57:00.761+0000] {dagbag.py:541} INFO - Filling up the DagBag from /home/vscode/.local/lib/python3.10/site-packages/airflow/example_dags/example_local_kubernetes_executor.py
[2024-12-08T05:57:00.764+0000] {logging_mixin.py:150} INFO - [2024-12-08T05:57:00.763+0000] {example_local_kubernetes_executor.py:39} WARNING - Could not import DAGs in example_local_kubernetes_executor.py
Traceback (most recent call last):
  File "/home/vscode/.local/lib/python3.10/site-packages/airflow/example_dags/example_local_kubernetes_executor.py", line 37, in <module>
    from kubernetes.client import models as k8s
ModuleNotFoundError: No module named 'kubernetes'
[2024-12-08T05:57:00.764+0000] {logging_mixin.py:150} INFO - [2024-12-08T05:57:00.764+0000] {example_local_kubernetes_executor.py:40} WARNING - Install Kubernetes dependencies with: pip install apache-airflow[cncf.kubernetes]
[2024-12-08T05:57:00.764+0000] {processor.py:838} WARNING - No viable dags retrieved from /home/vscode/.local/lib/python3.10/site-packages/airflow/example_dags/example_local_kubernetes_executor.py
[2024-12-08T05:57:00.771+0000] {processor.py:179} INFO - Processing /home/vscode/.local/lib/python3.10/site-packages/airflow/example_dags/example_local_kubernetes_executor.py took 0.013 seconds
[2024-12-08T05:57:47.752+0000] {processor.py:157} INFO - Started process (PID=4700) to work on /home/vscode/.local/lib/python3.10/site-packages/airflow/example_dags/example_local_kubernetes_executor.py
[2024-12-08T05:57:47.753+0000] {processor.py:826} INFO - Processing file /home/vscode/.local/lib/python3.10/site-packages/airflow/example_dags/example_local_kubernetes_executor.py for tasks to queue
[2024-12-08T05:57:47.753+0000] {logging_mixin.py:150} INFO - [2024-12-08T05:57:47.753+0000] {dagbag.py:541} INFO - Filling up the DagBag from /home/vscode/.local/lib/python3.10/site-packages/airflow/example_dags/example_local_kubernetes_executor.py
[2024-12-08T05:57:47.756+0000] {logging_mixin.py:150} INFO - [2024-12-08T05:57:47.755+0000] {example_local_kubernetes_executor.py:39} WARNING - Could not import DAGs in example_local_kubernetes_executor.py
Traceback (most recent call last):
  File "/home/vscode/.local/lib/python3.10/site-packages/airflow/example_dags/example_local_kubernetes_executor.py", line 37, in <module>
    from kubernetes.client import models as k8s
ModuleNotFoundError: No module named 'kubernetes'
[2024-12-08T05:57:47.756+0000] {logging_mixin.py:150} INFO - [2024-12-08T05:57:47.756+0000] {example_local_kubernetes_executor.py:40} WARNING - Install Kubernetes dependencies with: pip install apache-airflow[cncf.kubernetes]
[2024-12-08T05:57:47.756+0000] {processor.py:838} WARNING - No viable dags retrieved from /home/vscode/.local/lib/python3.10/site-packages/airflow/example_dags/example_local_kubernetes_executor.py
[2024-12-08T05:57:47.762+0000] {processor.py:179} INFO - Processing /home/vscode/.local/lib/python3.10/site-packages/airflow/example_dags/example_local_kubernetes_executor.py took 0.012 seconds
