[2024-12-08T05:56:45.328+0000] {processor.py:157} INFO - Started process (PID=4269) to work on /home/vscode/.local/lib/python3.10/site-packages/airflow/example_dags/example_latest_only_with_trigger.py
[2024-12-08T05:56:45.328+0000] {processor.py:826} INFO - Processing file /home/vscode/.local/lib/python3.10/site-packages/airflow/example_dags/example_latest_only_with_trigger.py for tasks to queue
[2024-12-08T05:56:45.329+0000] {logging_mixin.py:150} INFO - [2024-12-08T05:56:45.329+0000] {dagbag.py:541} INFO - Filling up the DagBag from /home/vscode/.local/lib/python3.10/site-packages/airflow/example_dags/example_latest_only_with_trigger.py
[2024-12-08T05:56:45.335+0000] {processor.py:836} INFO - DAG(s) dict_keys(['latest_only_with_trigger']) retrieved from /home/vscode/.local/lib/python3.10/site-packages/airflow/example_dags/example_latest_only_with_trigger.py
[2024-12-08T05:56:45.500+0000] {logging_mixin.py:150} INFO - [2024-12-08T05:56:45.500+0000] {manager.py:504} INFO - Created Permission View: can read on DAG:latest_only_with_trigger
[2024-12-08T05:56:45.508+0000] {logging_mixin.py:150} INFO - [2024-12-08T05:56:45.507+0000] {manager.py:504} INFO - Created Permission View: can edit on DAG:latest_only_with_trigger
[2024-12-08T05:56:45.513+0000] {logging_mixin.py:150} INFO - [2024-12-08T05:56:45.512+0000] {manager.py:504} INFO - Created Permission View: can delete on DAG:latest_only_with_trigger
[2024-12-08T05:56:45.519+0000] {logging_mixin.py:150} INFO - [2024-12-08T05:56:45.519+0000] {dag.py:2742} INFO - Sync 1 DAGs
[2024-12-08T05:56:45.526+0000] {logging_mixin.py:150} INFO - [2024-12-08T05:56:45.526+0000] {dag.py:2763} INFO - Creating ORM DAG for latest_only_with_trigger
[2024-12-08T05:56:45.531+0000] {logging_mixin.py:150} INFO - [2024-12-08T05:56:45.531+0000] {dag.py:3504} INFO - Setting next_dagrun for latest_only_with_trigger to 2024-12-08T01:56:45.531549+00:00, run_after=2024-12-08T05:56:45.531549+00:00
[2024-12-08T05:56:45.544+0000] {processor.py:179} INFO - Processing /home/vscode/.local/lib/python3.10/site-packages/airflow/example_dags/example_latest_only_with_trigger.py took 0.218 seconds
[2024-12-08T05:57:35.778+0000] {processor.py:157} INFO - Started process (PID=4604) to work on /home/vscode/.local/lib/python3.10/site-packages/airflow/example_dags/example_latest_only_with_trigger.py
[2024-12-08T05:57:35.779+0000] {processor.py:826} INFO - Processing file /home/vscode/.local/lib/python3.10/site-packages/airflow/example_dags/example_latest_only_with_trigger.py for tasks to queue
[2024-12-08T05:57:35.779+0000] {logging_mixin.py:150} INFO - [2024-12-08T05:57:35.779+0000] {dagbag.py:541} INFO - Filling up the DagBag from /home/vscode/.local/lib/python3.10/site-packages/airflow/example_dags/example_latest_only_with_trigger.py
[2024-12-08T05:57:35.784+0000] {processor.py:836} INFO - DAG(s) dict_keys(['latest_only_with_trigger']) retrieved from /home/vscode/.local/lib/python3.10/site-packages/airflow/example_dags/example_latest_only_with_trigger.py
[2024-12-08T05:57:35.795+0000] {logging_mixin.py:150} INFO - [2024-12-08T05:57:35.795+0000] {dag.py:2742} INFO - Sync 1 DAGs
[2024-12-08T05:57:35.809+0000] {logging_mixin.py:150} INFO - [2024-12-08T05:57:35.808+0000] {dag.py:3504} INFO - Setting next_dagrun for latest_only_with_trigger to 2024-12-08T01:57:35.808684+00:00, run_after=2024-12-08T05:57:35.808684+00:00
[2024-12-08T05:57:35.825+0000] {processor.py:179} INFO - Processing /home/vscode/.local/lib/python3.10/site-packages/airflow/example_dags/example_latest_only_with_trigger.py took 0.049 seconds
[2024-12-08T05:58:22.519+0000] {processor.py:157} INFO - Started process (PID=4982) to work on /home/vscode/.local/lib/python3.10/site-packages/airflow/example_dags/example_latest_only_with_trigger.py
[2024-12-08T05:58:22.520+0000] {processor.py:826} INFO - Processing file /home/vscode/.local/lib/python3.10/site-packages/airflow/example_dags/example_latest_only_with_trigger.py for tasks to queue
[2024-12-08T05:58:22.520+0000] {logging_mixin.py:150} INFO - [2024-12-08T05:58:22.520+0000] {dagbag.py:541} INFO - Filling up the DagBag from /home/vscode/.local/lib/python3.10/site-packages/airflow/example_dags/example_latest_only_with_trigger.py
[2024-12-08T05:58:22.525+0000] {processor.py:836} INFO - DAG(s) dict_keys(['latest_only_with_trigger']) retrieved from /home/vscode/.local/lib/python3.10/site-packages/airflow/example_dags/example_latest_only_with_trigger.py
[2024-12-08T05:58:22.536+0000] {logging_mixin.py:150} INFO - [2024-12-08T05:58:22.536+0000] {dag.py:2742} INFO - Sync 1 DAGs
[2024-12-08T05:58:22.549+0000] {logging_mixin.py:150} INFO - [2024-12-08T05:58:22.549+0000] {dag.py:3504} INFO - Setting next_dagrun for latest_only_with_trigger to 2024-12-08T01:58:22.549359+00:00, run_after=2024-12-08T05:58:22.549359+00:00
[2024-12-08T05:58:22.563+0000] {processor.py:179} INFO - Processing /home/vscode/.local/lib/python3.10/site-packages/airflow/example_dags/example_latest_only_with_trigger.py took 0.046 seconds
