[2024-12-08T05:56:54.627+0000] {processor.py:157} INFO - Started process (PID=4336) to work on /home/vscode/.local/lib/python3.10/site-packages/airflow/example_dags/example_nested_branch_dag.py
[2024-12-08T05:56:54.627+0000] {processor.py:826} INFO - Processing file /home/vscode/.local/lib/python3.10/site-packages/airflow/example_dags/example_nested_branch_dag.py for tasks to queue
[2024-12-08T05:56:54.628+0000] {logging_mixin.py:150} INFO - [2024-12-08T05:56:54.628+0000] {dagbag.py:541} INFO - Filling up the DagBag from /home/vscode/.local/lib/python3.10/site-packages/airflow/example_dags/example_nested_branch_dag.py
[2024-12-08T05:56:54.636+0000] {processor.py:836} INFO - DAG(s) dict_keys(['example_nested_branch_dag']) retrieved from /home/vscode/.local/lib/python3.10/site-packages/airflow/example_dags/example_nested_branch_dag.py
[2024-12-08T05:56:54.781+0000] {logging_mixin.py:150} INFO - [2024-12-08T05:56:54.780+0000] {manager.py:504} INFO - Created Permission View: can read on DAG:example_nested_branch_dag
[2024-12-08T05:56:54.791+0000] {logging_mixin.py:150} INFO - [2024-12-08T05:56:54.791+0000] {manager.py:504} INFO - Created Permission View: can edit on DAG:example_nested_branch_dag
[2024-12-08T05:56:54.798+0000] {logging_mixin.py:150} INFO - [2024-12-08T05:56:54.798+0000] {manager.py:504} INFO - Created Permission View: can delete on DAG:example_nested_branch_dag
[2024-12-08T05:56:54.810+0000] {logging_mixin.py:150} INFO - [2024-12-08T05:56:54.809+0000] {dag.py:2742} INFO - Sync 1 DAGs
[2024-12-08T05:56:54.818+0000] {logging_mixin.py:150} INFO - [2024-12-08T05:56:54.818+0000] {dag.py:2763} INFO - Creating ORM DAG for example_nested_branch_dag
[2024-12-08T05:56:54.828+0000] {logging_mixin.py:150} INFO - [2024-12-08T05:56:54.828+0000] {dag.py:3504} INFO - Setting next_dagrun for example_nested_branch_dag to 2024-12-07T00:00:00+00:00, run_after=2024-12-08T00:00:00+00:00
[2024-12-08T05:56:54.845+0000] {processor.py:179} INFO - Processing /home/vscode/.local/lib/python3.10/site-packages/airflow/example_dags/example_nested_branch_dag.py took 0.221 seconds
[2024-12-08T05:57:42.616+0000] {processor.py:157} INFO - Started process (PID=4648) to work on /home/vscode/.local/lib/python3.10/site-packages/airflow/example_dags/example_nested_branch_dag.py
[2024-12-08T05:57:42.617+0000] {processor.py:826} INFO - Processing file /home/vscode/.local/lib/python3.10/site-packages/airflow/example_dags/example_nested_branch_dag.py for tasks to queue
[2024-12-08T05:57:42.618+0000] {logging_mixin.py:150} INFO - [2024-12-08T05:57:42.617+0000] {dagbag.py:541} INFO - Filling up the DagBag from /home/vscode/.local/lib/python3.10/site-packages/airflow/example_dags/example_nested_branch_dag.py
[2024-12-08T05:57:42.624+0000] {processor.py:836} INFO - DAG(s) dict_keys(['example_nested_branch_dag']) retrieved from /home/vscode/.local/lib/python3.10/site-packages/airflow/example_dags/example_nested_branch_dag.py
[2024-12-08T05:57:42.636+0000] {logging_mixin.py:150} INFO - [2024-12-08T05:57:42.636+0000] {dag.py:2742} INFO - Sync 1 DAGs
[2024-12-08T05:57:42.650+0000] {logging_mixin.py:150} INFO - [2024-12-08T05:57:42.650+0000] {dag.py:3504} INFO - Setting next_dagrun for example_nested_branch_dag to 2024-12-07T00:00:00+00:00, run_after=2024-12-08T00:00:00+00:00
[2024-12-08T05:57:42.664+0000] {processor.py:179} INFO - Processing /home/vscode/.local/lib/python3.10/site-packages/airflow/example_dags/example_nested_branch_dag.py took 0.049 seconds
[2024-12-08T05:58:29.943+0000] {processor.py:157} INFO - Started process (PID=5057) to work on /home/vscode/.local/lib/python3.10/site-packages/airflow/example_dags/example_nested_branch_dag.py
[2024-12-08T05:58:29.944+0000] {processor.py:826} INFO - Processing file /home/vscode/.local/lib/python3.10/site-packages/airflow/example_dags/example_nested_branch_dag.py for tasks to queue
[2024-12-08T05:58:29.944+0000] {logging_mixin.py:150} INFO - [2024-12-08T05:58:29.944+0000] {dagbag.py:541} INFO - Filling up the DagBag from /home/vscode/.local/lib/python3.10/site-packages/airflow/example_dags/example_nested_branch_dag.py
[2024-12-08T05:58:29.951+0000] {processor.py:836} INFO - DAG(s) dict_keys(['example_nested_branch_dag']) retrieved from /home/vscode/.local/lib/python3.10/site-packages/airflow/example_dags/example_nested_branch_dag.py
[2024-12-08T05:58:29.963+0000] {logging_mixin.py:150} INFO - [2024-12-08T05:58:29.963+0000] {dag.py:2742} INFO - Sync 1 DAGs
[2024-12-08T05:58:29.980+0000] {logging_mixin.py:150} INFO - [2024-12-08T05:58:29.980+0000] {dag.py:3504} INFO - Setting next_dagrun for example_nested_branch_dag to 2024-12-07T00:00:00+00:00, run_after=2024-12-08T00:00:00+00:00
[2024-12-08T05:58:29.994+0000] {processor.py:179} INFO - Processing /home/vscode/.local/lib/python3.10/site-packages/airflow/example_dags/example_nested_branch_dag.py took 0.053 seconds
