[2024-12-08T05:56:42.932+0000] {processor.py:157} INFO - Started process (PID=4246) to work on /home/vscode/.local/lib/python3.10/site-packages/airflow/example_dags/example_params_trigger_ui.py
[2024-12-08T05:56:42.933+0000] {processor.py:826} INFO - Processing file /home/vscode/.local/lib/python3.10/site-packages/airflow/example_dags/example_params_trigger_ui.py for tasks to queue
[2024-12-08T05:56:42.933+0000] {logging_mixin.py:150} INFO - [2024-12-08T05:56:42.933+0000] {dagbag.py:541} INFO - Filling up the DagBag from /home/vscode/.local/lib/python3.10/site-packages/airflow/example_dags/example_params_trigger_ui.py
[2024-12-08T05:56:42.945+0000] {processor.py:836} INFO - DAG(s) dict_keys(['example_params_trigger_ui']) retrieved from /home/vscode/.local/lib/python3.10/site-packages/airflow/example_dags/example_params_trigger_ui.py
[2024-12-08T05:56:43.111+0000] {logging_mixin.py:150} INFO - [2024-12-08T05:56:43.111+0000] {manager.py:504} INFO - Created Permission View: can read on DAG:example_params_trigger_ui
[2024-12-08T05:56:43.119+0000] {logging_mixin.py:150} INFO - [2024-12-08T05:56:43.119+0000] {manager.py:504} INFO - Created Permission View: can edit on DAG:example_params_trigger_ui
[2024-12-08T05:56:43.124+0000] {logging_mixin.py:150} INFO - [2024-12-08T05:56:43.123+0000] {manager.py:504} INFO - Created Permission View: can delete on DAG:example_params_trigger_ui
[2024-12-08T05:56:43.131+0000] {logging_mixin.py:150} INFO - [2024-12-08T05:56:43.131+0000] {dag.py:2742} INFO - Sync 1 DAGs
[2024-12-08T05:56:43.136+0000] {logging_mixin.py:150} INFO - [2024-12-08T05:56:43.136+0000] {dag.py:2763} INFO - Creating ORM DAG for example_params_trigger_ui
[2024-12-08T05:56:43.142+0000] {logging_mixin.py:150} INFO - [2024-12-08T05:56:43.142+0000] {dag.py:3504} INFO - Setting next_dagrun for example_params_trigger_ui to None, run_after=None
[2024-12-08T05:56:43.155+0000] {processor.py:179} INFO - Processing /home/vscode/.local/lib/python3.10/site-packages/airflow/example_dags/example_params_trigger_ui.py took 0.225 seconds
[2024-12-08T05:57:33.498+0000] {processor.py:157} INFO - Started process (PID=4587) to work on /home/vscode/.local/lib/python3.10/site-packages/airflow/example_dags/example_params_trigger_ui.py
[2024-12-08T05:57:33.499+0000] {processor.py:826} INFO - Processing file /home/vscode/.local/lib/python3.10/site-packages/airflow/example_dags/example_params_trigger_ui.py for tasks to queue
[2024-12-08T05:57:33.499+0000] {logging_mixin.py:150} INFO - [2024-12-08T05:57:33.499+0000] {dagbag.py:541} INFO - Filling up the DagBag from /home/vscode/.local/lib/python3.10/site-packages/airflow/example_dags/example_params_trigger_ui.py
[2024-12-08T05:57:33.510+0000] {processor.py:836} INFO - DAG(s) dict_keys(['example_params_trigger_ui']) retrieved from /home/vscode/.local/lib/python3.10/site-packages/airflow/example_dags/example_params_trigger_ui.py
[2024-12-08T05:57:33.537+0000] {logging_mixin.py:150} INFO - [2024-12-08T05:57:33.537+0000] {dag.py:2742} INFO - Sync 1 DAGs
[2024-12-08T05:57:33.550+0000] {logging_mixin.py:150} INFO - [2024-12-08T05:57:33.550+0000] {dag.py:3504} INFO - Setting next_dagrun for example_params_trigger_ui to None, run_after=None
[2024-12-08T05:57:33.565+0000] {processor.py:179} INFO - Processing /home/vscode/.local/lib/python3.10/site-packages/airflow/example_dags/example_params_trigger_ui.py took 0.069 seconds
[2024-12-08T05:58:20.857+0000] {processor.py:157} INFO - Started process (PID=4965) to work on /home/vscode/.local/lib/python3.10/site-packages/airflow/example_dags/example_params_trigger_ui.py
[2024-12-08T05:58:20.858+0000] {processor.py:826} INFO - Processing file /home/vscode/.local/lib/python3.10/site-packages/airflow/example_dags/example_params_trigger_ui.py for tasks to queue
[2024-12-08T05:58:20.858+0000] {logging_mixin.py:150} INFO - [2024-12-08T05:58:20.858+0000] {dagbag.py:541} INFO - Filling up the DagBag from /home/vscode/.local/lib/python3.10/site-packages/airflow/example_dags/example_params_trigger_ui.py
[2024-12-08T05:58:20.870+0000] {processor.py:836} INFO - DAG(s) dict_keys(['example_params_trigger_ui']) retrieved from /home/vscode/.local/lib/python3.10/site-packages/airflow/example_dags/example_params_trigger_ui.py
[2024-12-08T05:58:20.898+0000] {logging_mixin.py:150} INFO - [2024-12-08T05:58:20.898+0000] {dag.py:2742} INFO - Sync 1 DAGs
[2024-12-08T05:58:20.911+0000] {logging_mixin.py:150} INFO - [2024-12-08T05:58:20.911+0000] {dag.py:3504} INFO - Setting next_dagrun for example_params_trigger_ui to None, run_after=None
[2024-12-08T05:58:20.927+0000] {processor.py:179} INFO - Processing /home/vscode/.local/lib/python3.10/site-packages/airflow/example_dags/example_params_trigger_ui.py took 0.071 seconds
