[2024-12-08T05:56:46.750+0000] {processor.py:157} INFO - Started process (PID=4277) to work on /home/vscode/.local/lib/python3.10/site-packages/airflow/example_dags/example_xcom.py
[2024-12-08T05:56:46.751+0000] {processor.py:826} INFO - Processing file /home/vscode/.local/lib/python3.10/site-packages/airflow/example_dags/example_xcom.py for tasks to queue
[2024-12-08T05:56:46.751+0000] {logging_mixin.py:150} INFO - [2024-12-08T05:56:46.751+0000] {dagbag.py:541} INFO - Filling up the DagBag from /home/vscode/.local/lib/python3.10/site-packages/airflow/example_dags/example_xcom.py
[2024-12-08T05:56:46.765+0000] {processor.py:836} INFO - DAG(s) dict_keys(['example_xcom']) retrieved from /home/vscode/.local/lib/python3.10/site-packages/airflow/example_dags/example_xcom.py
[2024-12-08T05:56:47.099+0000] {logging_mixin.py:150} INFO - [2024-12-08T05:56:47.099+0000] {manager.py:504} INFO - Created Permission View: can read on DAG:example_xcom
[2024-12-08T05:56:47.109+0000] {logging_mixin.py:150} INFO - [2024-12-08T05:56:47.109+0000] {manager.py:504} INFO - Created Permission View: can edit on DAG:example_xcom
[2024-12-08T05:56:47.115+0000] {logging_mixin.py:150} INFO - [2024-12-08T05:56:47.115+0000] {manager.py:504} INFO - Created Permission View: can delete on DAG:example_xcom
[2024-12-08T05:56:47.126+0000] {logging_mixin.py:150} INFO - [2024-12-08T05:56:47.125+0000] {dag.py:2742} INFO - Sync 1 DAGs
[2024-12-08T05:56:47.133+0000] {logging_mixin.py:150} INFO - [2024-12-08T05:56:47.133+0000] {dag.py:2763} INFO - Creating ORM DAG for example_xcom
[2024-12-08T05:56:47.144+0000] {logging_mixin.py:150} INFO - [2024-12-08T05:56:47.144+0000] {dag.py:3504} INFO - Setting next_dagrun for example_xcom to 2021-01-01T00:00:00+00:00, run_after=2021-01-01T00:00:00+00:00
[2024-12-08T05:56:47.281+0000] {processor.py:179} INFO - Processing /home/vscode/.local/lib/python3.10/site-packages/airflow/example_dags/example_xcom.py took 0.534 seconds
[2024-12-08T05:57:36.910+0000] {processor.py:157} INFO - Started process (PID=4606) to work on /home/vscode/.local/lib/python3.10/site-packages/airflow/example_dags/example_xcom.py
[2024-12-08T05:57:36.910+0000] {processor.py:826} INFO - Processing file /home/vscode/.local/lib/python3.10/site-packages/airflow/example_dags/example_xcom.py for tasks to queue
[2024-12-08T05:57:36.911+0000] {logging_mixin.py:150} INFO - [2024-12-08T05:57:36.911+0000] {dagbag.py:541} INFO - Filling up the DagBag from /home/vscode/.local/lib/python3.10/site-packages/airflow/example_dags/example_xcom.py
[2024-12-08T05:57:36.916+0000] {processor.py:836} INFO - DAG(s) dict_keys(['example_xcom']) retrieved from /home/vscode/.local/lib/python3.10/site-packages/airflow/example_dags/example_xcom.py
[2024-12-08T05:57:36.927+0000] {logging_mixin.py:150} INFO - [2024-12-08T05:57:36.927+0000] {dag.py:2742} INFO - Sync 1 DAGs
[2024-12-08T05:57:36.940+0000] {logging_mixin.py:150} INFO - [2024-12-08T05:57:36.939+0000] {dag.py:3504} INFO - Setting next_dagrun for example_xcom to 2021-01-01T00:00:00+00:00, run_after=2021-01-01T00:00:00+00:00
[2024-12-08T05:57:36.954+0000] {processor.py:179} INFO - Processing /home/vscode/.local/lib/python3.10/site-packages/airflow/example_dags/example_xcom.py took 0.046 seconds
[2024-12-08T05:58:23.651+0000] {processor.py:157} INFO - Started process (PID=4997) to work on /home/vscode/.local/lib/python3.10/site-packages/airflow/example_dags/example_xcom.py
[2024-12-08T05:58:23.652+0000] {processor.py:826} INFO - Processing file /home/vscode/.local/lib/python3.10/site-packages/airflow/example_dags/example_xcom.py for tasks to queue
[2024-12-08T05:58:23.652+0000] {logging_mixin.py:150} INFO - [2024-12-08T05:58:23.652+0000] {dagbag.py:541} INFO - Filling up the DagBag from /home/vscode/.local/lib/python3.10/site-packages/airflow/example_dags/example_xcom.py
[2024-12-08T05:58:23.658+0000] {processor.py:836} INFO - DAG(s) dict_keys(['example_xcom']) retrieved from /home/vscode/.local/lib/python3.10/site-packages/airflow/example_dags/example_xcom.py
[2024-12-08T05:58:23.669+0000] {logging_mixin.py:150} INFO - [2024-12-08T05:58:23.669+0000] {dag.py:2742} INFO - Sync 1 DAGs
[2024-12-08T05:58:23.682+0000] {logging_mixin.py:150} INFO - [2024-12-08T05:58:23.682+0000] {dag.py:3504} INFO - Setting next_dagrun for example_xcom to 2021-01-01T00:00:00+00:00, run_after=2021-01-01T00:00:00+00:00
[2024-12-08T05:58:23.696+0000] {processor.py:179} INFO - Processing /home/vscode/.local/lib/python3.10/site-packages/airflow/example_dags/example_xcom.py took 0.047 seconds
