[2024-12-08T05:56:37.812+0000] {processor.py:157} INFO - Started process (PID=4208) to work on /home/vscode/.local/lib/python3.10/site-packages/airflow/example_dags/example_params_ui_tutorial.py
[2024-12-08T05:56:37.812+0000] {processor.py:826} INFO - Processing file /home/vscode/.local/lib/python3.10/site-packages/airflow/example_dags/example_params_ui_tutorial.py for tasks to queue
[2024-12-08T05:56:37.813+0000] {logging_mixin.py:150} INFO - [2024-12-08T05:56:37.813+0000] {dagbag.py:541} INFO - Filling up the DagBag from /home/vscode/.local/lib/python3.10/site-packages/airflow/example_dags/example_params_ui_tutorial.py
[2024-12-08T05:56:37.831+0000] {processor.py:836} INFO - DAG(s) dict_keys(['example_params_ui_tutorial']) retrieved from /home/vscode/.local/lib/python3.10/site-packages/airflow/example_dags/example_params_ui_tutorial.py
[2024-12-08T05:56:37.999+0000] {logging_mixin.py:150} INFO - [2024-12-08T05:56:37.999+0000] {manager.py:504} INFO - Created Permission View: can read on DAG:example_params_ui_tutorial
[2024-12-08T05:56:38.006+0000] {logging_mixin.py:150} INFO - [2024-12-08T05:56:38.006+0000] {manager.py:504} INFO - Created Permission View: can edit on DAG:example_params_ui_tutorial
[2024-12-08T05:56:38.012+0000] {logging_mixin.py:150} INFO - [2024-12-08T05:56:38.012+0000] {manager.py:504} INFO - Created Permission View: can delete on DAG:example_params_ui_tutorial
[2024-12-08T05:56:38.023+0000] {logging_mixin.py:150} INFO - [2024-12-08T05:56:38.023+0000] {dag.py:2742} INFO - Sync 1 DAGs
[2024-12-08T05:56:38.033+0000] {logging_mixin.py:150} INFO - [2024-12-08T05:56:38.033+0000] {dag.py:2763} INFO - Creating ORM DAG for example_params_ui_tutorial
[2024-12-08T05:56:38.039+0000] {logging_mixin.py:150} INFO - [2024-12-08T05:56:38.039+0000] {dag.py:3504} INFO - Setting next_dagrun for example_params_ui_tutorial to None, run_after=None
[2024-12-08T05:56:38.055+0000] {processor.py:179} INFO - Processing /home/vscode/.local/lib/python3.10/site-packages/airflow/example_dags/example_params_ui_tutorial.py took 0.246 seconds
[2024-12-08T05:57:30.312+0000] {processor.py:157} INFO - Started process (PID=4560) to work on /home/vscode/.local/lib/python3.10/site-packages/airflow/example_dags/example_params_ui_tutorial.py
[2024-12-08T05:57:30.313+0000] {processor.py:826} INFO - Processing file /home/vscode/.local/lib/python3.10/site-packages/airflow/example_dags/example_params_ui_tutorial.py for tasks to queue
[2024-12-08T05:57:30.313+0000] {logging_mixin.py:150} INFO - [2024-12-08T05:57:30.313+0000] {dagbag.py:541} INFO - Filling up the DagBag from /home/vscode/.local/lib/python3.10/site-packages/airflow/example_dags/example_params_ui_tutorial.py
[2024-12-08T05:57:30.332+0000] {processor.py:836} INFO - DAG(s) dict_keys(['example_params_ui_tutorial']) retrieved from /home/vscode/.local/lib/python3.10/site-packages/airflow/example_dags/example_params_ui_tutorial.py
[2024-12-08T05:57:30.355+0000] {logging_mixin.py:150} INFO - [2024-12-08T05:57:30.354+0000] {dag.py:2742} INFO - Sync 1 DAGs
[2024-12-08T05:57:30.367+0000] {logging_mixin.py:150} INFO - [2024-12-08T05:57:30.367+0000] {dag.py:3504} INFO - Setting next_dagrun for example_params_ui_tutorial to None, run_after=None
[2024-12-08T05:57:30.380+0000] {processor.py:179} INFO - Processing /home/vscode/.local/lib/python3.10/site-packages/airflow/example_dags/example_params_ui_tutorial.py took 0.070 seconds
[2024-12-08T05:58:16.530+0000] {processor.py:157} INFO - Started process (PID=4928) to work on /home/vscode/.local/lib/python3.10/site-packages/airflow/example_dags/example_params_ui_tutorial.py
[2024-12-08T05:58:16.531+0000] {processor.py:826} INFO - Processing file /home/vscode/.local/lib/python3.10/site-packages/airflow/example_dags/example_params_ui_tutorial.py for tasks to queue
[2024-12-08T05:58:16.531+0000] {logging_mixin.py:150} INFO - [2024-12-08T05:58:16.531+0000] {dagbag.py:541} INFO - Filling up the DagBag from /home/vscode/.local/lib/python3.10/site-packages/airflow/example_dags/example_params_ui_tutorial.py
[2024-12-08T05:58:16.547+0000] {processor.py:836} INFO - DAG(s) dict_keys(['example_params_ui_tutorial']) retrieved from /home/vscode/.local/lib/python3.10/site-packages/airflow/example_dags/example_params_ui_tutorial.py
[2024-12-08T05:58:16.571+0000] {logging_mixin.py:150} INFO - [2024-12-08T05:58:16.571+0000] {dag.py:2742} INFO - Sync 1 DAGs
[2024-12-08T05:58:16.584+0000] {logging_mixin.py:150} INFO - [2024-12-08T05:58:16.583+0000] {dag.py:3504} INFO - Setting next_dagrun for example_params_ui_tutorial to None, run_after=None
[2024-12-08T05:58:16.597+0000] {processor.py:179} INFO - Processing /home/vscode/.local/lib/python3.10/site-packages/airflow/example_dags/example_params_ui_tutorial.py took 0.069 seconds
