[2024-12-08T05:56:32.896+0000] {processor.py:157} INFO - Started process (PID=4163) to work on /home/vscode/.local/lib/python3.10/site-packages/airflow/example_dags/example_skip_dag.py
[2024-12-08T05:56:32.896+0000] {processor.py:826} INFO - Processing file /home/vscode/.local/lib/python3.10/site-packages/airflow/example_dags/example_skip_dag.py for tasks to queue
[2024-12-08T05:56:32.897+0000] {logging_mixin.py:150} INFO - [2024-12-08T05:56:32.897+0000] {dagbag.py:541} INFO - Filling up the DagBag from /home/vscode/.local/lib/python3.10/site-packages/airflow/example_dags/example_skip_dag.py
[2024-12-08T05:56:32.904+0000] {processor.py:836} INFO - DAG(s) dict_keys(['example_skip_dag']) retrieved from /home/vscode/.local/lib/python3.10/site-packages/airflow/example_dags/example_skip_dag.py
[2024-12-08T05:56:33.079+0000] {logging_mixin.py:150} INFO - [2024-12-08T05:56:33.079+0000] {manager.py:504} INFO - Created Permission View: can read on DAG:example_skip_dag
[2024-12-08T05:56:33.086+0000] {logging_mixin.py:150} INFO - [2024-12-08T05:56:33.086+0000] {manager.py:504} INFO - Created Permission View: can edit on DAG:example_skip_dag
[2024-12-08T05:56:33.091+0000] {logging_mixin.py:150} INFO - [2024-12-08T05:56:33.091+0000] {manager.py:504} INFO - Created Permission View: can delete on DAG:example_skip_dag
[2024-12-08T05:56:33.098+0000] {logging_mixin.py:150} INFO - [2024-12-08T05:56:33.098+0000] {dag.py:2742} INFO - Sync 1 DAGs
[2024-12-08T05:56:33.105+0000] {logging_mixin.py:150} INFO - [2024-12-08T05:56:33.105+0000] {dag.py:2763} INFO - Creating ORM DAG for example_skip_dag
[2024-12-08T05:56:33.111+0000] {logging_mixin.py:150} INFO - [2024-12-08T05:56:33.111+0000] {dag.py:3504} INFO - Setting next_dagrun for example_skip_dag to 2024-12-07T05:56:33.110916+00:00, run_after=2024-12-08T05:56:33.110916+00:00
[2024-12-08T05:56:33.124+0000] {processor.py:179} INFO - Processing /home/vscode/.local/lib/python3.10/site-packages/airflow/example_dags/example_skip_dag.py took 0.230 seconds
[2024-12-08T05:57:26.734+0000] {processor.py:157} INFO - Started process (PID=4535) to work on /home/vscode/.local/lib/python3.10/site-packages/airflow/example_dags/example_skip_dag.py
[2024-12-08T05:57:26.735+0000] {processor.py:826} INFO - Processing file /home/vscode/.local/lib/python3.10/site-packages/airflow/example_dags/example_skip_dag.py for tasks to queue
[2024-12-08T05:57:26.735+0000] {logging_mixin.py:150} INFO - [2024-12-08T05:57:26.735+0000] {dagbag.py:541} INFO - Filling up the DagBag from /home/vscode/.local/lib/python3.10/site-packages/airflow/example_dags/example_skip_dag.py
[2024-12-08T05:57:26.740+0000] {processor.py:836} INFO - DAG(s) dict_keys(['example_skip_dag']) retrieved from /home/vscode/.local/lib/python3.10/site-packages/airflow/example_dags/example_skip_dag.py
[2024-12-08T05:57:26.752+0000] {logging_mixin.py:150} INFO - [2024-12-08T05:57:26.752+0000] {dag.py:2742} INFO - Sync 1 DAGs
[2024-12-08T05:57:26.765+0000] {logging_mixin.py:150} INFO - [2024-12-08T05:57:26.765+0000] {dag.py:3504} INFO - Setting next_dagrun for example_skip_dag to 2024-12-07T05:57:26.765245+00:00, run_after=2024-12-08T05:57:26.765245+00:00
[2024-12-08T05:57:26.779+0000] {processor.py:179} INFO - Processing /home/vscode/.local/lib/python3.10/site-packages/airflow/example_dags/example_skip_dag.py took 0.047 seconds
[2024-12-08T05:58:01.395+0000] {processor.py:157} INFO - Started process (PID=4805) to work on /home/vscode/.local/lib/python3.10/site-packages/airflow/example_dags/example_skip_dag.py
[2024-12-08T05:58:01.396+0000] {processor.py:826} INFO - Processing file /home/vscode/.local/lib/python3.10/site-packages/airflow/example_dags/example_skip_dag.py for tasks to queue
[2024-12-08T05:58:01.397+0000] {logging_mixin.py:150} INFO - [2024-12-08T05:58:01.396+0000] {dagbag.py:541} INFO - Filling up the DagBag from /home/vscode/.local/lib/python3.10/site-packages/airflow/example_dags/example_skip_dag.py
[2024-12-08T05:58:01.401+0000] {processor.py:836} INFO - DAG(s) dict_keys(['example_skip_dag']) retrieved from /home/vscode/.local/lib/python3.10/site-packages/airflow/example_dags/example_skip_dag.py
[2024-12-08T05:58:01.413+0000] {logging_mixin.py:150} INFO - [2024-12-08T05:58:01.413+0000] {dag.py:2742} INFO - Sync 1 DAGs
[2024-12-08T05:58:01.426+0000] {logging_mixin.py:150} INFO - [2024-12-08T05:58:01.426+0000] {dag.py:3504} INFO - Setting next_dagrun for example_skip_dag to 2024-12-07T05:58:01.425907+00:00, run_after=2024-12-08T05:58:01.425907+00:00
[2024-12-08T05:58:01.440+0000] {processor.py:179} INFO - Processing /home/vscode/.local/lib/python3.10/site-packages/airflow/example_dags/example_skip_dag.py took 0.047 seconds
