[2024-12-08T05:57:16.621+0000] {processor.py:157} INFO - Started process (PID=4474) to work on /home/vscode/.local/lib/python3.10/site-packages/airflow/example_dags/example_datasets.py
[2024-12-08T05:57:16.621+0000] {processor.py:826} INFO - Processing file /home/vscode/.local/lib/python3.10/site-packages/airflow/example_dags/example_datasets.py for tasks to queue
[2024-12-08T05:57:16.622+0000] {logging_mixin.py:150} INFO - [2024-12-08T05:57:16.622+0000] {dagbag.py:541} INFO - Filling up the DagBag from /home/vscode/.local/lib/python3.10/site-packages/airflow/example_dags/example_datasets.py
[2024-12-08T05:57:16.628+0000] {processor.py:836} INFO - DAG(s) dict_keys(['dataset_consumes_1_never_scheduled', 'dataset_produces_2', 'dataset_produces_1', 'dataset_consumes_1', 'dataset_consumes_unknown_never_scheduled', 'dataset_consumes_1_and_2']) retrieved from /home/vscode/.local/lib/python3.10/site-packages/airflow/example_dags/example_datasets.py
[2024-12-08T05:57:16.719+0000] {logging_mixin.py:150} INFO - [2024-12-08T05:57:16.719+0000] {manager.py:504} INFO - Created Permission View: can read on DAG:dataset_consumes_1_never_scheduled
[2024-12-08T05:57:16.726+0000] {logging_mixin.py:150} INFO - [2024-12-08T05:57:16.726+0000] {manager.py:504} INFO - Created Permission View: can edit on DAG:dataset_consumes_1_never_scheduled
[2024-12-08T05:57:16.730+0000] {logging_mixin.py:150} INFO - [2024-12-08T05:57:16.730+0000] {manager.py:504} INFO - Created Permission View: can delete on DAG:dataset_consumes_1_never_scheduled
[2024-12-08T05:57:16.746+0000] {logging_mixin.py:150} INFO - [2024-12-08T05:57:16.746+0000] {manager.py:504} INFO - Created Permission View: can read on DAG:dataset_produces_2
[2024-12-08T05:57:16.751+0000] {logging_mixin.py:150} INFO - [2024-12-08T05:57:16.750+0000] {manager.py:504} INFO - Created Permission View: can edit on DAG:dataset_produces_2
[2024-12-08T05:57:16.755+0000] {logging_mixin.py:150} INFO - [2024-12-08T05:57:16.755+0000] {manager.py:504} INFO - Created Permission View: can delete on DAG:dataset_produces_2
[2024-12-08T05:57:16.768+0000] {logging_mixin.py:150} INFO - [2024-12-08T05:57:16.767+0000] {manager.py:504} INFO - Created Permission View: can read on DAG:dataset_produces_1
[2024-12-08T05:57:16.772+0000] {logging_mixin.py:150} INFO - [2024-12-08T05:57:16.772+0000] {manager.py:504} INFO - Created Permission View: can edit on DAG:dataset_produces_1
[2024-12-08T05:57:16.777+0000] {logging_mixin.py:150} INFO - [2024-12-08T05:57:16.777+0000] {manager.py:504} INFO - Created Permission View: can delete on DAG:dataset_produces_1
[2024-12-08T05:57:16.789+0000] {logging_mixin.py:150} INFO - [2024-12-08T05:57:16.789+0000] {manager.py:504} INFO - Created Permission View: can read on DAG:dataset_consumes_1
[2024-12-08T05:57:16.794+0000] {logging_mixin.py:150} INFO - [2024-12-08T05:57:16.794+0000] {manager.py:504} INFO - Created Permission View: can edit on DAG:dataset_consumes_1
[2024-12-08T05:57:16.799+0000] {logging_mixin.py:150} INFO - [2024-12-08T05:57:16.798+0000] {manager.py:504} INFO - Created Permission View: can delete on DAG:dataset_consumes_1
[2024-12-08T05:57:16.812+0000] {logging_mixin.py:150} INFO - [2024-12-08T05:57:16.812+0000] {manager.py:504} INFO - Created Permission View: can read on DAG:dataset_consumes_unknown_never_scheduled
[2024-12-08T05:57:16.817+0000] {logging_mixin.py:150} INFO - [2024-12-08T05:57:16.817+0000] {manager.py:504} INFO - Created Permission View: can edit on DAG:dataset_consumes_unknown_never_scheduled
[2024-12-08T05:57:16.822+0000] {logging_mixin.py:150} INFO - [2024-12-08T05:57:16.822+0000] {manager.py:504} INFO - Created Permission View: can delete on DAG:dataset_consumes_unknown_never_scheduled
[2024-12-08T05:57:16.835+0000] {logging_mixin.py:150} INFO - [2024-12-08T05:57:16.834+0000] {manager.py:504} INFO - Created Permission View: can read on DAG:dataset_consumes_1_and_2
[2024-12-08T05:57:16.839+0000] {logging_mixin.py:150} INFO - [2024-12-08T05:57:16.839+0000] {manager.py:504} INFO - Created Permission View: can edit on DAG:dataset_consumes_1_and_2
[2024-12-08T05:57:16.844+0000] {logging_mixin.py:150} INFO - [2024-12-08T05:57:16.844+0000] {manager.py:504} INFO - Created Permission View: can delete on DAG:dataset_consumes_1_and_2
[2024-12-08T05:57:16.847+0000] {logging_mixin.py:150} INFO - [2024-12-08T05:57:16.847+0000] {dag.py:2742} INFO - Sync 6 DAGs
[2024-12-08T05:57:16.853+0000] {logging_mixin.py:150} INFO - [2024-12-08T05:57:16.853+0000] {dag.py:2763} INFO - Creating ORM DAG for dataset_produces_1
[2024-12-08T05:57:16.853+0000] {logging_mixin.py:150} INFO - [2024-12-08T05:57:16.853+0000] {dag.py:2763} INFO - Creating ORM DAG for dataset_produces_2
[2024-12-08T05:57:16.854+0000] {logging_mixin.py:150} INFO - [2024-12-08T05:57:16.854+0000] {dag.py:2763} INFO - Creating ORM DAG for dataset_consumes_1
[2024-12-08T05:57:16.854+0000] {logging_mixin.py:150} INFO - [2024-12-08T05:57:16.854+0000] {dag.py:2763} INFO - Creating ORM DAG for dataset_consumes_1_and_2
[2024-12-08T05:57:16.854+0000] {logging_mixin.py:150} INFO - [2024-12-08T05:57:16.854+0000] {dag.py:2763} INFO - Creating ORM DAG for dataset_consumes_unknown_never_scheduled
[2024-12-08T05:57:16.855+0000] {logging_mixin.py:150} INFO - [2024-12-08T05:57:16.855+0000] {dag.py:2763} INFO - Creating ORM DAG for dataset_consumes_1_never_scheduled
[2024-12-08T05:57:16.860+0000] {logging_mixin.py:150} INFO - [2024-12-08T05:57:16.860+0000] {dag.py:3504} INFO - Setting next_dagrun for dataset_consumes_1 to None, run_after=None
[2024-12-08T05:57:16.861+0000] {logging_mixin.py:150} INFO - [2024-12-08T05:57:16.861+0000] {dag.py:3504} INFO - Setting next_dagrun for dataset_consumes_1_and_2 to None, run_after=None
[2024-12-08T05:57:16.861+0000] {logging_mixin.py:150} INFO - [2024-12-08T05:57:16.861+0000] {dag.py:3504} INFO - Setting next_dagrun for dataset_consumes_1_never_scheduled to None, run_after=None
[2024-12-08T05:57:16.861+0000] {logging_mixin.py:150} INFO - [2024-12-08T05:57:16.861+0000] {dag.py:3504} INFO - Setting next_dagrun for dataset_consumes_unknown_never_scheduled to None, run_after=None
[2024-12-08T05:57:16.863+0000] {logging_mixin.py:150} INFO - [2024-12-08T05:57:16.862+0000] {dag.py:3504} INFO - Setting next_dagrun for dataset_produces_1 to 2024-12-07T00:00:00+00:00, run_after=2024-12-08T00:00:00+00:00
[2024-12-08T05:57:16.863+0000] {logging_mixin.py:150} INFO - [2024-12-08T05:57:16.863+0000] {dag.py:3504} INFO - Setting next_dagrun for dataset_produces_2 to None, run_after=None
[2024-12-08T05:57:16.884+0000] {processor.py:179} INFO - Processing /home/vscode/.local/lib/python3.10/site-packages/airflow/example_dags/example_datasets.py took 0.265 seconds
[2024-12-08T05:58:08.298+0000] {processor.py:157} INFO - Started process (PID=4859) to work on /home/vscode/.local/lib/python3.10/site-packages/airflow/example_dags/example_datasets.py
[2024-12-08T05:58:08.298+0000] {processor.py:826} INFO - Processing file /home/vscode/.local/lib/python3.10/site-packages/airflow/example_dags/example_datasets.py for tasks to queue
[2024-12-08T05:58:08.299+0000] {logging_mixin.py:150} INFO - [2024-12-08T05:58:08.299+0000] {dagbag.py:541} INFO - Filling up the DagBag from /home/vscode/.local/lib/python3.10/site-packages/airflow/example_dags/example_datasets.py
[2024-12-08T05:58:08.306+0000] {processor.py:836} INFO - DAG(s) dict_keys(['dataset_consumes_1', 'dataset_produces_2', 'dataset_consumes_1_never_scheduled', 'dataset_consumes_unknown_never_scheduled', 'dataset_produces_1', 'dataset_consumes_1_and_2']) retrieved from /home/vscode/.local/lib/python3.10/site-packages/airflow/example_dags/example_datasets.py
[2024-12-08T05:58:08.325+0000] {logging_mixin.py:150} INFO - [2024-12-08T05:58:08.325+0000] {dag.py:2742} INFO - Sync 6 DAGs
[2024-12-08T05:58:08.339+0000] {logging_mixin.py:150} INFO - [2024-12-08T05:58:08.339+0000] {dag.py:3504} INFO - Setting next_dagrun for dataset_consumes_1 to None, run_after=None
[2024-12-08T05:58:08.341+0000] {logging_mixin.py:150} INFO - [2024-12-08T05:58:08.341+0000] {dag.py:3504} INFO - Setting next_dagrun for dataset_consumes_1_and_2 to None, run_after=None
[2024-12-08T05:58:08.342+0000] {logging_mixin.py:150} INFO - [2024-12-08T05:58:08.342+0000] {dag.py:3504} INFO - Setting next_dagrun for dataset_consumes_1_never_scheduled to None, run_after=None
[2024-12-08T05:58:08.343+0000] {logging_mixin.py:150} INFO - [2024-12-08T05:58:08.342+0000] {dag.py:3504} INFO - Setting next_dagrun for dataset_consumes_unknown_never_scheduled to None, run_after=None
[2024-12-08T05:58:08.344+0000] {logging_mixin.py:150} INFO - [2024-12-08T05:58:08.344+0000] {dag.py:3504} INFO - Setting next_dagrun for dataset_produces_1 to 2024-12-07T00:00:00+00:00, run_after=2024-12-08T00:00:00+00:00
[2024-12-08T05:58:08.345+0000] {logging_mixin.py:150} INFO - [2024-12-08T05:58:08.345+0000] {dag.py:3504} INFO - Setting next_dagrun for dataset_produces_2 to None, run_after=None
[2024-12-08T05:58:08.364+0000] {processor.py:179} INFO - Processing /home/vscode/.local/lib/python3.10/site-packages/airflow/example_dags/example_datasets.py took 0.068 seconds
