[2024-12-08T05:57:17.979+0000] {processor.py:157} INFO - Started process (PID=4482) to work on /home/vscode/.local/lib/python3.10/site-packages/airflow/example_dags/example_branch_datetime_operator.py
[2024-12-08T05:57:17.979+0000] {processor.py:826} INFO - Processing file /home/vscode/.local/lib/python3.10/site-packages/airflow/example_dags/example_branch_datetime_operator.py for tasks to queue
[2024-12-08T05:57:17.980+0000] {logging_mixin.py:150} INFO - [2024-12-08T05:57:17.980+0000] {dagbag.py:541} INFO - Filling up the DagBag from /home/vscode/.local/lib/python3.10/site-packages/airflow/example_dags/example_branch_datetime_operator.py
[2024-12-08T05:57:17.987+0000] {processor.py:836} INFO - DAG(s) dict_keys(['example_branch_datetime_operator', 'example_branch_datetime_operator_3', 'example_branch_datetime_operator_2']) retrieved from /home/vscode/.local/lib/python3.10/site-packages/airflow/example_dags/example_branch_datetime_operator.py
[2024-12-08T05:57:18.051+0000] {logging_mixin.py:150} INFO - [2024-12-08T05:57:18.051+0000] {manager.py:504} INFO - Created Permission View: can read on DAG:example_branch_datetime_operator
[2024-12-08T05:57:18.059+0000] {logging_mixin.py:150} INFO - [2024-12-08T05:57:18.058+0000] {manager.py:504} INFO - Created Permission View: can edit on DAG:example_branch_datetime_operator
[2024-12-08T05:57:18.064+0000] {logging_mixin.py:150} INFO - [2024-12-08T05:57:18.064+0000] {manager.py:504} INFO - Created Permission View: can delete on DAG:example_branch_datetime_operator
[2024-12-08T05:57:18.082+0000] {logging_mixin.py:150} INFO - [2024-12-08T05:57:18.082+0000] {manager.py:504} INFO - Created Permission View: can read on DAG:example_branch_datetime_operator_3
[2024-12-08T05:57:18.087+0000] {logging_mixin.py:150} INFO - [2024-12-08T05:57:18.087+0000] {manager.py:504} INFO - Created Permission View: can edit on DAG:example_branch_datetime_operator_3
[2024-12-08T05:57:18.093+0000] {logging_mixin.py:150} INFO - [2024-12-08T05:57:18.093+0000] {manager.py:504} INFO - Created Permission View: can delete on DAG:example_branch_datetime_operator_3
[2024-12-08T05:57:18.106+0000] {logging_mixin.py:150} INFO - [2024-12-08T05:57:18.106+0000] {manager.py:504} INFO - Created Permission View: can read on DAG:example_branch_datetime_operator_2
[2024-12-08T05:57:18.111+0000] {logging_mixin.py:150} INFO - [2024-12-08T05:57:18.111+0000] {manager.py:504} INFO - Created Permission View: can edit on DAG:example_branch_datetime_operator_2
[2024-12-08T05:57:18.116+0000] {logging_mixin.py:150} INFO - [2024-12-08T05:57:18.116+0000] {manager.py:504} INFO - Created Permission View: can delete on DAG:example_branch_datetime_operator_2
[2024-12-08T05:57:18.119+0000] {logging_mixin.py:150} INFO - [2024-12-08T05:57:18.119+0000] {dag.py:2742} INFO - Sync 3 DAGs
[2024-12-08T05:57:18.127+0000] {logging_mixin.py:150} INFO - [2024-12-08T05:57:18.126+0000] {dag.py:2763} INFO - Creating ORM DAG for example_branch_datetime_operator_3
[2024-12-08T05:57:18.127+0000] {logging_mixin.py:150} INFO - [2024-12-08T05:57:18.127+0000] {dag.py:2763} INFO - Creating ORM DAG for example_branch_datetime_operator
[2024-12-08T05:57:18.127+0000] {logging_mixin.py:150} INFO - [2024-12-08T05:57:18.127+0000] {dag.py:2763} INFO - Creating ORM DAG for example_branch_datetime_operator_2
[2024-12-08T05:57:18.136+0000] {logging_mixin.py:150} INFO - [2024-12-08T05:57:18.136+0000] {dag.py:3504} INFO - Setting next_dagrun for example_branch_datetime_operator to 2024-12-07T00:00:00+00:00, run_after=2024-12-08T00:00:00+00:00
[2024-12-08T05:57:18.138+0000] {logging_mixin.py:150} INFO - [2024-12-08T05:57:18.138+0000] {dag.py:3504} INFO - Setting next_dagrun for example_branch_datetime_operator_2 to 2024-12-07T00:00:00+00:00, run_after=2024-12-08T00:00:00+00:00
[2024-12-08T05:57:18.140+0000] {logging_mixin.py:150} INFO - [2024-12-08T05:57:18.140+0000] {dag.py:3504} INFO - Setting next_dagrun for example_branch_datetime_operator_3 to 2024-12-07T00:00:00+00:00, run_after=2024-12-08T00:00:00+00:00
[2024-12-08T05:57:18.154+0000] {processor.py:179} INFO - Processing /home/vscode/.local/lib/python3.10/site-packages/airflow/example_dags/example_branch_datetime_operator.py took 0.177 seconds
[2024-12-08T05:58:09.471+0000] {processor.py:157} INFO - Started process (PID=4862) to work on /home/vscode/.local/lib/python3.10/site-packages/airflow/example_dags/example_branch_datetime_operator.py
[2024-12-08T05:58:09.471+0000] {processor.py:826} INFO - Processing file /home/vscode/.local/lib/python3.10/site-packages/airflow/example_dags/example_branch_datetime_operator.py for tasks to queue
[2024-12-08T05:58:09.472+0000] {logging_mixin.py:150} INFO - [2024-12-08T05:58:09.472+0000] {dagbag.py:541} INFO - Filling up the DagBag from /home/vscode/.local/lib/python3.10/site-packages/airflow/example_dags/example_branch_datetime_operator.py
[2024-12-08T05:58:09.478+0000] {processor.py:836} INFO - DAG(s) dict_keys(['example_branch_datetime_operator_3', 'example_branch_datetime_operator', 'example_branch_datetime_operator_2']) retrieved from /home/vscode/.local/lib/python3.10/site-packages/airflow/example_dags/example_branch_datetime_operator.py
[2024-12-08T05:58:09.494+0000] {logging_mixin.py:150} INFO - [2024-12-08T05:58:09.494+0000] {dag.py:2742} INFO - Sync 3 DAGs
[2024-12-08T05:58:09.508+0000] {logging_mixin.py:150} INFO - [2024-12-08T05:58:09.508+0000] {dag.py:3504} INFO - Setting next_dagrun for example_branch_datetime_operator to 2024-12-07T00:00:00+00:00, run_after=2024-12-08T00:00:00+00:00
[2024-12-08T05:58:09.511+0000] {logging_mixin.py:150} INFO - [2024-12-08T05:58:09.511+0000] {dag.py:3504} INFO - Setting next_dagrun for example_branch_datetime_operator_2 to 2024-12-07T00:00:00+00:00, run_after=2024-12-08T00:00:00+00:00
[2024-12-08T05:58:09.513+0000] {logging_mixin.py:150} INFO - [2024-12-08T05:58:09.513+0000] {dag.py:3504} INFO - Setting next_dagrun for example_branch_datetime_operator_3 to 2024-12-07T00:00:00+00:00, run_after=2024-12-08T00:00:00+00:00
[2024-12-08T05:58:09.526+0000] {processor.py:179} INFO - Processing /home/vscode/.local/lib/python3.10/site-packages/airflow/example_dags/example_branch_datetime_operator.py took 0.057 seconds
