[2024-12-08T05:56:53.288+0000] {processor.py:157} INFO - Started process (PID=4314) to work on /home/vscode/.local/lib/python3.10/site-packages/airflow/example_dags/example_short_circuit_operator.py
[2024-12-08T05:56:53.289+0000] {processor.py:826} INFO - Processing file /home/vscode/.local/lib/python3.10/site-packages/airflow/example_dags/example_short_circuit_operator.py for tasks to queue
[2024-12-08T05:56:53.289+0000] {logging_mixin.py:150} INFO - [2024-12-08T05:56:53.289+0000] {dagbag.py:541} INFO - Filling up the DagBag from /home/vscode/.local/lib/python3.10/site-packages/airflow/example_dags/example_short_circuit_operator.py
[2024-12-08T05:56:53.295+0000] {processor.py:836} INFO - DAG(s) dict_keys(['example_short_circuit_operator']) retrieved from /home/vscode/.local/lib/python3.10/site-packages/airflow/example_dags/example_short_circuit_operator.py
[2024-12-08T05:56:53.442+0000] {logging_mixin.py:150} INFO - [2024-12-08T05:56:53.442+0000] {manager.py:504} INFO - Created Permission View: can read on DAG:example_short_circuit_operator
[2024-12-08T05:56:53.449+0000] {logging_mixin.py:150} INFO - [2024-12-08T05:56:53.449+0000] {manager.py:504} INFO - Created Permission View: can edit on DAG:example_short_circuit_operator
[2024-12-08T05:56:53.454+0000] {logging_mixin.py:150} INFO - [2024-12-08T05:56:53.454+0000] {manager.py:504} INFO - Created Permission View: can delete on DAG:example_short_circuit_operator
[2024-12-08T05:56:53.461+0000] {logging_mixin.py:150} INFO - [2024-12-08T05:56:53.461+0000] {dag.py:2742} INFO - Sync 1 DAGs
[2024-12-08T05:56:53.467+0000] {logging_mixin.py:150} INFO - [2024-12-08T05:56:53.466+0000] {dag.py:2763} INFO - Creating ORM DAG for example_short_circuit_operator
[2024-12-08T05:56:53.474+0000] {logging_mixin.py:150} INFO - [2024-12-08T05:56:53.474+0000] {dag.py:3504} INFO - Setting next_dagrun for example_short_circuit_operator to 2024-12-07T05:56:53.474024+00:00, run_after=2024-12-08T05:56:53.474024+00:00
[2024-12-08T05:56:53.487+0000] {processor.py:179} INFO - Processing /home/vscode/.local/lib/python3.10/site-packages/airflow/example_dags/example_short_circuit_operator.py took 0.201 seconds
[2024-12-08T05:57:41.985+0000] {processor.py:157} INFO - Started process (PID=4646) to work on /home/vscode/.local/lib/python3.10/site-packages/airflow/example_dags/example_short_circuit_operator.py
[2024-12-08T05:57:41.985+0000] {processor.py:826} INFO - Processing file /home/vscode/.local/lib/python3.10/site-packages/airflow/example_dags/example_short_circuit_operator.py for tasks to queue
[2024-12-08T05:57:41.986+0000] {logging_mixin.py:150} INFO - [2024-12-08T05:57:41.986+0000] {dagbag.py:541} INFO - Filling up the DagBag from /home/vscode/.local/lib/python3.10/site-packages/airflow/example_dags/example_short_circuit_operator.py
[2024-12-08T05:57:41.991+0000] {processor.py:836} INFO - DAG(s) dict_keys(['example_short_circuit_operator']) retrieved from /home/vscode/.local/lib/python3.10/site-packages/airflow/example_dags/example_short_circuit_operator.py
[2024-12-08T05:57:42.003+0000] {logging_mixin.py:150} INFO - [2024-12-08T05:57:42.003+0000] {dag.py:2742} INFO - Sync 1 DAGs
[2024-12-08T05:57:42.016+0000] {logging_mixin.py:150} INFO - [2024-12-08T05:57:42.016+0000] {dag.py:3504} INFO - Setting next_dagrun for example_short_circuit_operator to 2024-12-07T05:57:42.016415+00:00, run_after=2024-12-08T05:57:42.016415+00:00
[2024-12-08T05:57:42.029+0000] {processor.py:179} INFO - Processing /home/vscode/.local/lib/python3.10/site-packages/airflow/example_dags/example_short_circuit_operator.py took 0.047 seconds
[2024-12-08T05:58:28.788+0000] {processor.py:157} INFO - Started process (PID=5055) to work on /home/vscode/.local/lib/python3.10/site-packages/airflow/example_dags/example_short_circuit_operator.py
[2024-12-08T05:58:28.789+0000] {processor.py:826} INFO - Processing file /home/vscode/.local/lib/python3.10/site-packages/airflow/example_dags/example_short_circuit_operator.py for tasks to queue
[2024-12-08T05:58:28.789+0000] {logging_mixin.py:150} INFO - [2024-12-08T05:58:28.789+0000] {dagbag.py:541} INFO - Filling up the DagBag from /home/vscode/.local/lib/python3.10/site-packages/airflow/example_dags/example_short_circuit_operator.py
[2024-12-08T05:58:28.795+0000] {processor.py:836} INFO - DAG(s) dict_keys(['example_short_circuit_operator']) retrieved from /home/vscode/.local/lib/python3.10/site-packages/airflow/example_dags/example_short_circuit_operator.py
[2024-12-08T05:58:28.808+0000] {logging_mixin.py:150} INFO - [2024-12-08T05:58:28.808+0000] {dag.py:2742} INFO - Sync 1 DAGs
[2024-12-08T05:58:28.821+0000] {logging_mixin.py:150} INFO - [2024-12-08T05:58:28.821+0000] {dag.py:3504} INFO - Setting next_dagrun for example_short_circuit_operator to 2024-12-07T05:58:28.821215+00:00, run_after=2024-12-08T05:58:28.821215+00:00
[2024-12-08T05:58:28.835+0000] {processor.py:179} INFO - Processing /home/vscode/.local/lib/python3.10/site-packages/airflow/example_dags/example_short_circuit_operator.py took 0.049 seconds
