[2024-12-08T05:56:41.683+0000] {processor.py:157} INFO - Started process (PID=4238) to work on /home/vscode/.local/lib/python3.10/site-packages/airflow/example_dags/example_latest_only.py
[2024-12-08T05:56:41.683+0000] {processor.py:826} INFO - Processing file /home/vscode/.local/lib/python3.10/site-packages/airflow/example_dags/example_latest_only.py for tasks to queue
[2024-12-08T05:56:41.684+0000] {logging_mixin.py:150} INFO - [2024-12-08T05:56:41.684+0000] {dagbag.py:541} INFO - Filling up the DagBag from /home/vscode/.local/lib/python3.10/site-packages/airflow/example_dags/example_latest_only.py
[2024-12-08T05:56:41.690+0000] {processor.py:836} INFO - DAG(s) dict_keys(['latest_only']) retrieved from /home/vscode/.local/lib/python3.10/site-packages/airflow/example_dags/example_latest_only.py
[2024-12-08T05:56:41.829+0000] {logging_mixin.py:150} INFO - [2024-12-08T05:56:41.829+0000] {manager.py:504} INFO - Created Permission View: can read on DAG:latest_only
[2024-12-08T05:56:41.838+0000] {logging_mixin.py:150} INFO - [2024-12-08T05:56:41.837+0000] {manager.py:504} INFO - Created Permission View: can edit on DAG:latest_only
[2024-12-08T05:56:41.844+0000] {logging_mixin.py:150} INFO - [2024-12-08T05:56:41.844+0000] {manager.py:504} INFO - Created Permission View: can delete on DAG:latest_only
[2024-12-08T05:56:41.851+0000] {logging_mixin.py:150} INFO - [2024-12-08T05:56:41.851+0000] {dag.py:2742} INFO - Sync 1 DAGs
[2024-12-08T05:56:41.857+0000] {logging_mixin.py:150} INFO - [2024-12-08T05:56:41.857+0000] {dag.py:2763} INFO - Creating ORM DAG for latest_only
[2024-12-08T05:56:41.863+0000] {logging_mixin.py:150} INFO - [2024-12-08T05:56:41.863+0000] {dag.py:3504} INFO - Setting next_dagrun for latest_only to 2024-12-08T01:56:41.863022+00:00, run_after=2024-12-08T05:56:41.863022+00:00
[2024-12-08T05:56:41.875+0000] {processor.py:179} INFO - Processing /home/vscode/.local/lib/python3.10/site-packages/airflow/example_dags/example_latest_only.py took 0.195 seconds
[2024-12-08T05:57:32.344+0000] {processor.py:157} INFO - Started process (PID=4572) to work on /home/vscode/.local/lib/python3.10/site-packages/airflow/example_dags/example_latest_only.py
[2024-12-08T05:57:32.345+0000] {processor.py:826} INFO - Processing file /home/vscode/.local/lib/python3.10/site-packages/airflow/example_dags/example_latest_only.py for tasks to queue
[2024-12-08T05:57:32.346+0000] {logging_mixin.py:150} INFO - [2024-12-08T05:57:32.345+0000] {dagbag.py:541} INFO - Filling up the DagBag from /home/vscode/.local/lib/python3.10/site-packages/airflow/example_dags/example_latest_only.py
[2024-12-08T05:57:32.350+0000] {processor.py:836} INFO - DAG(s) dict_keys(['latest_only']) retrieved from /home/vscode/.local/lib/python3.10/site-packages/airflow/example_dags/example_latest_only.py
[2024-12-08T05:57:32.360+0000] {logging_mixin.py:150} INFO - [2024-12-08T05:57:32.360+0000] {dag.py:2742} INFO - Sync 1 DAGs
[2024-12-08T05:57:32.373+0000] {logging_mixin.py:150} INFO - [2024-12-08T05:57:32.373+0000] {dag.py:3504} INFO - Setting next_dagrun for latest_only to 2024-12-08T01:57:32.373143+00:00, run_after=2024-12-08T05:57:32.373143+00:00
[2024-12-08T05:57:32.386+0000] {processor.py:179} INFO - Processing /home/vscode/.local/lib/python3.10/site-packages/airflow/example_dags/example_latest_only.py took 0.043 seconds
[2024-12-08T05:58:19.726+0000] {processor.py:157} INFO - Started process (PID=4949) to work on /home/vscode/.local/lib/python3.10/site-packages/airflow/example_dags/example_latest_only.py
[2024-12-08T05:58:19.726+0000] {processor.py:826} INFO - Processing file /home/vscode/.local/lib/python3.10/site-packages/airflow/example_dags/example_latest_only.py for tasks to queue
[2024-12-08T05:58:19.727+0000] {logging_mixin.py:150} INFO - [2024-12-08T05:58:19.727+0000] {dagbag.py:541} INFO - Filling up the DagBag from /home/vscode/.local/lib/python3.10/site-packages/airflow/example_dags/example_latest_only.py
[2024-12-08T05:58:19.731+0000] {processor.py:836} INFO - DAG(s) dict_keys(['latest_only']) retrieved from /home/vscode/.local/lib/python3.10/site-packages/airflow/example_dags/example_latest_only.py
[2024-12-08T05:58:19.741+0000] {logging_mixin.py:150} INFO - [2024-12-08T05:58:19.741+0000] {dag.py:2742} INFO - Sync 1 DAGs
[2024-12-08T05:58:19.754+0000] {logging_mixin.py:150} INFO - [2024-12-08T05:58:19.754+0000] {dag.py:3504} INFO - Setting next_dagrun for latest_only to 2024-12-08T01:58:19.754586+00:00, run_after=2024-12-08T05:58:19.754586+00:00
[2024-12-08T05:58:19.768+0000] {processor.py:179} INFO - Processing /home/vscode/.local/lib/python3.10/site-packages/airflow/example_dags/example_latest_only.py took 0.044 seconds
