[2024-12-08T05:56:30.308+0000] {manager.py:487} INFO - Processing files using up to 1 processes at a time 
[2024-12-08T05:56:30.308+0000] {manager.py:488} INFO - Process each file at most once every 30 seconds
[2024-12-08T05:56:30.308+0000] {manager.py:489} INFO - Checking for new files in /workspaces/hands-on-introduction-data-engineering-4395021/airflow/dags every 2 seconds
[2024-12-08T05:56:30.309+0000] {manager.py:758} INFO - Searching for files in /workspaces/hands-on-introduction-data-engineering-4395021/airflow/dags
[2024-12-08T05:56:30.325+0000] {manager.py:761} INFO - There are 46 files in /workspaces/hands-on-introduction-data-engineering-4395021/airflow/dags
[2024-12-08T05:56:30.473+0000] {manager.py:889} INFO - 
================================================================================
DAG File Processing Stats

File Path                                                                                                                         PID    Runtime      # DAGs    # Errors  Last Runtime    Last Run
--------------------------------------------------------------------------------------------------------------------------------  -----  ---------  --------  ----------  --------------  -------------------
/home/vscode/.local/lib/python3.10/site-packages/airflow/example_dags/example_branch_operator.py                                                           0           0
/home/vscode/.local/lib/python3.10/site-packages/airflow/example_dags/example_short_circuit_decorator.py                                                   0           0
/home/vscode/.local/lib/python3.10/site-packages/airflow/example_dags/example_skip_dag.py                                                                  0           0
/home/vscode/.local/lib/python3.10/site-packages/airflow/example_dags/example_xcomargs.py                                                                  0           0
/home/vscode/.local/lib/python3.10/site-packages/airflow/example_dags/tutorial_dag.py                                                                      0           0
/home/vscode/.local/lib/python3.10/site-packages/airflow/example_dags/example_trigger_target_dag.py                                                        0           0
/home/vscode/.local/lib/python3.10/site-packages/airflow/example_dags/example_params_ui_tutorial.py                                                        0           0
/home/vscode/.local/lib/python3.10/site-packages/airflow/example_dags/example_time_delta_sensor_async.py                                                   0           0
/home/vscode/.local/lib/python3.10/site-packages/airflow/example_dags/example_dynamic_task_mapping.py                                                      0           0
/home/vscode/.local/lib/python3.10/site-packages/airflow/example_dags/example_bash_operator.py                                                             0           0
/home/vscode/.local/lib/python3.10/site-packages/airflow/example_dags/tutorial.py                                                                          0           0
/home/vscode/.local/lib/python3.10/site-packages/airflow/example_dags/example_latest_only.py                                                               0           0
/home/vscode/.local/lib/python3.10/site-packages/airflow/example_dags/example_params_trigger_ui.py                                                         0           0
/home/vscode/.local/lib/python3.10/site-packages/airflow/example_dags/example_dynamic_task_mapping_with_no_taskflow_operators.py                           0           0
/home/vscode/.local/lib/python3.10/site-packages/airflow/example_dags/example_task_group_decorator.py                                                      0           0
/home/vscode/.local/lib/python3.10/site-packages/airflow/example_dags/example_latest_only_with_trigger.py                                                  0           0
/home/vscode/.local/lib/python3.10/site-packages/airflow/example_dags/example_xcom.py                                                                      0           0
/home/vscode/.local/lib/python3.10/site-packages/airflow/example_dags/example_setup_teardown_taskflow.py                                                   0           0
/home/vscode/.local/lib/python3.10/site-packages/airflow/example_dags/example_branch_operator_decorator.py                                                 0           0
/home/vscode/.local/lib/python3.10/site-packages/airflow/example_dags/example_setup_teardown.py                                                            0           0
/home/vscode/.local/lib/python3.10/site-packages/airflow/example_dags/example_datasets.py                                                                  0           0
/home/vscode/.local/lib/python3.10/site-packages/airflow/example_dags/example_subdag_operator.py                                                           0           0
/home/vscode/.local/lib/python3.10/site-packages/airflow/example_dags/example_python_operator.py                                                           0           0
/home/vscode/.local/lib/python3.10/site-packages/airflow/example_dags/example_branch_datetime_operator.py                                                  0           0
/home/vscode/.local/lib/python3.10/site-packages/airflow/example_dags/example_branch_day_of_week_operator.py                                               0           0
/home/vscode/.local/lib/python3.10/site-packages/airflow/example_dags/example_short_circuit_operator.py                                                    0           0
/home/vscode/.local/lib/python3.10/site-packages/airflow/example_dags/example_nested_branch_dag.py                                                         0           0
/home/vscode/.local/lib/python3.10/site-packages/airflow/example_dags/example_kubernetes_executor.py                                                       0           0
/home/vscode/.local/lib/python3.10/site-packages/airflow/example_dags/example_passing_params_via_test_command.py                                           0           0
/home/vscode/.local/lib/python3.10/site-packages/airflow/example_dags/example_task_group.py                                                                0           0
/home/vscode/.local/lib/python3.10/site-packages/airflow/example_dags/tutorial_taskflow_api.py                                                             0           0
/home/vscode/.local/lib/python3.10/site-packages/airflow/example_dags/example_local_kubernetes_executor.py                                                 0           0
/home/vscode/.local/lib/python3.10/site-packages/airflow/example_dags/example_external_task_marker_dag.py                                                  0           0
/home/vscode/.local/lib/python3.10/site-packages/airflow/example_dags/example_sensors.py                                                                   0           0
/home/vscode/.local/lib/python3.10/site-packages/airflow/example_dags/example_trigger_controller_dag.py                                                    0           0
/home/vscode/.local/lib/python3.10/site-packages/airflow/example_dags/example_sla_dag.py                                                                   0           0
/home/vscode/.local/lib/python3.10/site-packages/airflow/example_dags/example_dag_decorator.py                                                             0           0
/home/vscode/.local/lib/python3.10/site-packages/airflow/example_dags/tutorial_taskflow_api_virtualenv.py                                                  0           0
/home/vscode/.local/lib/python3.10/site-packages/airflow/example_dags/example_complex.py                                                                   0           0
/home/vscode/.local/lib/python3.10/site-packages/airflow/example_dags/example_branch_labels.py                                                             0           0
/home/vscode/.local/lib/python3.10/site-packages/airflow/example_dags/example_sensor_decorator.py                                                          0           0
/home/vscode/.local/lib/python3.10/site-packages/airflow/example_dags/example_branch_python_dop_operator_3.py                                              0           0
/home/vscode/.local/lib/python3.10/site-packages/airflow/example_dags/subdags/subdag.py                                                                    0           0  0.10s           2024-12-08T05:56:30
/home/vscode/.local/lib/python3.10/site-packages/airflow/example_dags/plugins/event_listener.py                                                            0           0
/home/vscode/.local/lib/python3.10/site-packages/airflow/example_dags/plugins/workday.py                                                                   0           0
/home/vscode/.local/lib/python3.10/site-packages/airflow/example_dags/plugins/listener_plugin.py                                                           0           0
================================================================================
[2024-12-08T05:56:32.872+0000] {manager.py:758} INFO - Searching for files in /workspaces/hands-on-introduction-data-engineering-4395021/airflow/dags
[2024-12-08T05:56:32.881+0000] {manager.py:761} INFO - There are 46 files in /workspaces/hands-on-introduction-data-engineering-4395021/airflow/dags
[2024-12-08T05:56:35.305+0000] {manager.py:758} INFO - Searching for files in /workspaces/hands-on-introduction-data-engineering-4395021/airflow/dags
[2024-12-08T05:56:35.314+0000] {manager.py:761} INFO - There are 46 files in /workspaces/hands-on-introduction-data-engineering-4395021/airflow/dags
[2024-12-08T05:56:37.787+0000] {manager.py:758} INFO - Searching for files in /workspaces/hands-on-introduction-data-engineering-4395021/airflow/dags
[2024-12-08T05:56:37.796+0000] {manager.py:761} INFO - There are 46 files in /workspaces/hands-on-introduction-data-engineering-4395021/airflow/dags
[2024-12-08T05:56:40.306+0000] {manager.py:758} INFO - Searching for files in /workspaces/hands-on-introduction-data-engineering-4395021/airflow/dags
[2024-12-08T05:56:40.321+0000] {manager.py:761} INFO - There are 46 files in /workspaces/hands-on-introduction-data-engineering-4395021/airflow/dags
[2024-12-08T05:56:42.908+0000] {manager.py:758} INFO - Searching for files in /workspaces/hands-on-introduction-data-engineering-4395021/airflow/dags
[2024-12-08T05:56:42.917+0000] {manager.py:761} INFO - There are 46 files in /workspaces/hands-on-introduction-data-engineering-4395021/airflow/dags
[2024-12-08T05:56:45.305+0000] {manager.py:758} INFO - Searching for files in /workspaces/hands-on-introduction-data-engineering-4395021/airflow/dags
[2024-12-08T05:56:45.314+0000] {manager.py:761} INFO - There are 46 files in /workspaces/hands-on-introduction-data-engineering-4395021/airflow/dags
[2024-12-08T05:56:48.399+0000] {manager.py:758} INFO - Searching for files in /workspaces/hands-on-introduction-data-engineering-4395021/airflow/dags
[2024-12-08T05:56:48.420+0000] {manager.py:761} INFO - There are 46 files in /workspaces/hands-on-introduction-data-engineering-4395021/airflow/dags
[2024-12-08T05:56:50.673+0000] {manager.py:758} INFO - Searching for files in /workspaces/hands-on-introduction-data-engineering-4395021/airflow/dags
[2024-12-08T05:56:50.682+0000] {manager.py:761} INFO - There are 46 files in /workspaces/hands-on-introduction-data-engineering-4395021/airflow/dags
[2024-12-08T05:56:53.264+0000] {manager.py:758} INFO - Searching for files in /workspaces/hands-on-introduction-data-engineering-4395021/airflow/dags
[2024-12-08T05:56:53.273+0000] {manager.py:761} INFO - There are 46 files in /workspaces/hands-on-introduction-data-engineering-4395021/airflow/dags
[2024-12-08T05:56:55.949+0000] {manager.py:758} INFO - Searching for files in /workspaces/hands-on-introduction-data-engineering-4395021/airflow/dags
[2024-12-08T05:56:55.958+0000] {manager.py:761} INFO - There are 46 files in /workspaces/hands-on-introduction-data-engineering-4395021/airflow/dags
[2024-12-08T05:56:58.433+0000] {manager.py:758} INFO - Searching for files in /workspaces/hands-on-introduction-data-engineering-4395021/airflow/dags
[2024-12-08T05:56:58.442+0000] {manager.py:761} INFO - There are 46 files in /workspaces/hands-on-introduction-data-engineering-4395021/airflow/dags
[2024-12-08T05:57:00.736+0000] {manager.py:758} INFO - Searching for files in /workspaces/hands-on-introduction-data-engineering-4395021/airflow/dags
[2024-12-08T05:57:00.745+0000] {manager.py:761} INFO - There are 46 files in /workspaces/hands-on-introduction-data-engineering-4395021/airflow/dags
[2024-12-08T05:57:00.859+0000] {manager.py:889} INFO - 
================================================================================
DAG File Processing Stats

File Path                                                                                                                         PID    Runtime      # DAGs    # Errors  Last Runtime    Last Run
--------------------------------------------------------------------------------------------------------------------------------  -----  ---------  --------  ----------  --------------  -------------------
/home/vscode/.local/lib/python3.10/site-packages/airflow/example_dags/example_branch_operator.py                                                           0           0
/home/vscode/.local/lib/python3.10/site-packages/airflow/example_dags/example_dynamic_task_mapping.py                                                      0           0
/home/vscode/.local/lib/python3.10/site-packages/airflow/example_dags/example_bash_operator.py                                                             0           0
/home/vscode/.local/lib/python3.10/site-packages/airflow/example_dags/example_dynamic_task_mapping_with_no_taskflow_operators.py                           0           0
/home/vscode/.local/lib/python3.10/site-packages/airflow/example_dags/example_setup_teardown_taskflow.py                                                   0           0  0.10s           2024-12-08T05:56:48
/home/vscode/.local/lib/python3.10/site-packages/airflow/example_dags/example_branch_operator_decorator.py                                                 0           0
/home/vscode/.local/lib/python3.10/site-packages/airflow/example_dags/example_setup_teardown.py                                                            0           0  0.10s           2024-12-08T05:56:49
/home/vscode/.local/lib/python3.10/site-packages/airflow/example_dags/example_datasets.py                                                                  0           0
/home/vscode/.local/lib/python3.10/site-packages/airflow/example_dags/example_branch_datetime_operator.py                                                  0           0
/home/vscode/.local/lib/python3.10/site-packages/airflow/example_dags/example_branch_day_of_week_operator.py                                               0           0
/home/vscode/.local/lib/python3.10/site-packages/airflow/example_dags/example_kubernetes_executor.py                                                       0           0  0.10s           2024-12-08T05:56:56
/home/vscode/.local/lib/python3.10/site-packages/airflow/example_dags/example_local_kubernetes_executor.py                                                 0           0  0.10s           2024-12-08T05:57:00
/home/vscode/.local/lib/python3.10/site-packages/airflow/example_dags/example_external_task_marker_dag.py                                                  0           0
/home/vscode/.local/lib/python3.10/site-packages/airflow/example_dags/example_sensors.py                                                                   0           0
/home/vscode/.local/lib/python3.10/site-packages/airflow/example_dags/example_trigger_controller_dag.py                                                    0           0
/home/vscode/.local/lib/python3.10/site-packages/airflow/example_dags/example_sla_dag.py                                                                   0           0
/home/vscode/.local/lib/python3.10/site-packages/airflow/example_dags/example_dag_decorator.py                                                             0           0
/home/vscode/.local/lib/python3.10/site-packages/airflow/example_dags/tutorial_taskflow_api_virtualenv.py                                                  0           0
/home/vscode/.local/lib/python3.10/site-packages/airflow/example_dags/example_complex.py                                                                   0           0
/home/vscode/.local/lib/python3.10/site-packages/airflow/example_dags/example_branch_labels.py                                                             0           0
/home/vscode/.local/lib/python3.10/site-packages/airflow/example_dags/example_sensor_decorator.py                                                          0           0
/home/vscode/.local/lib/python3.10/site-packages/airflow/example_dags/example_branch_python_dop_operator_3.py                                              0           0
/home/vscode/.local/lib/python3.10/site-packages/airflow/example_dags/subdags/subdag.py                                                                    0           0  0.10s           2024-12-08T05:56:30
/home/vscode/.local/lib/python3.10/site-packages/airflow/example_dags/plugins/event_listener.py                                                            0           0
/home/vscode/.local/lib/python3.10/site-packages/airflow/example_dags/plugins/workday.py                                                                   0           0
/home/vscode/.local/lib/python3.10/site-packages/airflow/example_dags/plugins/listener_plugin.py                                                           0           0
/home/vscode/.local/lib/python3.10/site-packages/airflow/example_dags/example_short_circuit_decorator.py                                                   1           0  0.30s           2024-12-08T05:56:31
/home/vscode/.local/lib/python3.10/site-packages/airflow/example_dags/example_skip_dag.py                                                                  1           0  0.30s           2024-12-08T05:56:33
/home/vscode/.local/lib/python3.10/site-packages/airflow/example_dags/tutorial_dag.py                                                                      1           0  0.20s           2024-12-08T05:56:35
/home/vscode/.local/lib/python3.10/site-packages/airflow/example_dags/example_trigger_target_dag.py                                                        1           0  0.20s           2024-12-08T05:56:36
/home/vscode/.local/lib/python3.10/site-packages/airflow/example_dags/example_params_ui_tutorial.py                                                        1           0  0.30s           2024-12-08T05:56:38
/home/vscode/.local/lib/python3.10/site-packages/airflow/example_dags/example_time_delta_sensor_async.py                                                   1           0  0.30s           2024-12-08T05:56:39
/home/vscode/.local/lib/python3.10/site-packages/airflow/example_dags/tutorial.py                                                                          1           0  0.30s           2024-12-08T05:56:40
/home/vscode/.local/lib/python3.10/site-packages/airflow/example_dags/example_latest_only.py                                                               1           0  0.20s           2024-12-08T05:56:41
/home/vscode/.local/lib/python3.10/site-packages/airflow/example_dags/example_params_trigger_ui.py                                                         1           0  0.30s           2024-12-08T05:56:43
/home/vscode/.local/lib/python3.10/site-packages/airflow/example_dags/example_task_group_decorator.py                                                      1           0  0.30s           2024-12-08T05:56:44
/home/vscode/.local/lib/python3.10/site-packages/airflow/example_dags/example_latest_only_with_trigger.py                                                  1           0  0.30s           2024-12-08T05:56:45
/home/vscode/.local/lib/python3.10/site-packages/airflow/example_dags/example_xcom.py                                                                      1           0  0.60s           2024-12-08T05:56:47
/home/vscode/.local/lib/python3.10/site-packages/airflow/example_dags/example_python_operator.py                                                           1           0  0.21s           2024-12-08T05:56:52
/home/vscode/.local/lib/python3.10/site-packages/airflow/example_dags/example_short_circuit_operator.py                                                    1           0  0.30s           2024-12-08T05:56:53
/home/vscode/.local/lib/python3.10/site-packages/airflow/example_dags/example_nested_branch_dag.py                                                         1           0  0.31s           2024-12-08T05:56:54
/home/vscode/.local/lib/python3.10/site-packages/airflow/example_dags/example_passing_params_via_test_command.py                                           1           0  0.30s           2024-12-08T05:56:57
/home/vscode/.local/lib/python3.10/site-packages/airflow/example_dags/example_task_group.py                                                                1           0  0.30s           2024-12-08T05:56:58
/home/vscode/.local/lib/python3.10/site-packages/airflow/example_dags/tutorial_taskflow_api.py                                                             1           0  0.50s           2024-12-08T05:57:00
/home/vscode/.local/lib/python3.10/site-packages/airflow/example_dags/example_xcomargs.py                                                                  2           0  0.30s           2024-12-08T05:56:34
/home/vscode/.local/lib/python3.10/site-packages/airflow/example_dags/example_subdag_operator.py                                                           3           0  0.30s           2024-12-08T05:56:50
================================================================================
[2024-12-08T05:57:03.676+0000] {manager.py:758} INFO - Searching for files in /workspaces/hands-on-introduction-data-engineering-4395021/airflow/dags
[2024-12-08T05:57:03.686+0000] {manager.py:761} INFO - There are 46 files in /workspaces/hands-on-introduction-data-engineering-4395021/airflow/dags
[2024-12-08T05:57:06.159+0000] {manager.py:758} INFO - Searching for files in /workspaces/hands-on-introduction-data-engineering-4395021/airflow/dags
[2024-12-08T05:57:06.168+0000] {manager.py:761} INFO - There are 46 files in /workspaces/hands-on-introduction-data-engineering-4395021/airflow/dags
[2024-12-08T05:57:08.643+0000] {manager.py:758} INFO - Searching for files in /workspaces/hands-on-introduction-data-engineering-4395021/airflow/dags
[2024-12-08T05:57:08.652+0000] {manager.py:761} INFO - There are 46 files in /workspaces/hands-on-introduction-data-engineering-4395021/airflow/dags
[2024-12-08T05:57:10.929+0000] {manager.py:758} INFO - Searching for files in /workspaces/hands-on-introduction-data-engineering-4395021/airflow/dags
[2024-12-08T05:57:10.938+0000] {manager.py:761} INFO - There are 46 files in /workspaces/hands-on-introduction-data-engineering-4395021/airflow/dags
[2024-12-08T05:57:13.851+0000] {manager.py:758} INFO - Searching for files in /workspaces/hands-on-introduction-data-engineering-4395021/airflow/dags
[2024-12-08T05:57:13.860+0000] {manager.py:761} INFO - There are 46 files in /workspaces/hands-on-introduction-data-engineering-4395021/airflow/dags
[2024-12-08T05:57:15.887+0000] {manager.py:758} INFO - Searching for files in /workspaces/hands-on-introduction-data-engineering-4395021/airflow/dags
[2024-12-08T05:57:15.896+0000] {manager.py:761} INFO - There are 46 files in /workspaces/hands-on-introduction-data-engineering-4395021/airflow/dags
[2024-12-08T05:57:17.950+0000] {manager.py:758} INFO - Searching for files in /workspaces/hands-on-introduction-data-engineering-4395021/airflow/dags
[2024-12-08T05:57:17.960+0000] {manager.py:761} INFO - There are 46 files in /workspaces/hands-on-introduction-data-engineering-4395021/airflow/dags
[2024-12-08T05:57:20.432+0000] {manager.py:758} INFO - Searching for files in /workspaces/hands-on-introduction-data-engineering-4395021/airflow/dags
[2024-12-08T05:57:20.441+0000] {manager.py:761} INFO - There are 46 files in /workspaces/hands-on-introduction-data-engineering-4395021/airflow/dags
[2024-12-08T05:57:23.197+0000] {manager.py:758} INFO - Searching for files in /workspaces/hands-on-introduction-data-engineering-4395021/airflow/dags
[2024-12-08T05:57:23.206+0000] {manager.py:761} INFO - There are 46 files in /workspaces/hands-on-introduction-data-engineering-4395021/airflow/dags
[2024-12-08T05:57:25.577+0000] {manager.py:758} INFO - Searching for files in /workspaces/hands-on-introduction-data-engineering-4395021/airflow/dags
[2024-12-08T05:57:25.586+0000] {manager.py:761} INFO - There are 46 files in /workspaces/hands-on-introduction-data-engineering-4395021/airflow/dags
[2024-12-08T05:57:28.337+0000] {manager.py:758} INFO - Searching for files in /workspaces/hands-on-introduction-data-engineering-4395021/airflow/dags
[2024-12-08T05:57:28.347+0000] {manager.py:761} INFO - There are 46 files in /workspaces/hands-on-introduction-data-engineering-4395021/airflow/dags
[2024-12-08T05:57:31.140+0000] {manager.py:758} INFO - Searching for files in /workspaces/hands-on-introduction-data-engineering-4395021/airflow/dags
[2024-12-08T05:57:31.149+0000] {manager.py:761} INFO - There are 46 files in /workspaces/hands-on-introduction-data-engineering-4395021/airflow/dags
[2024-12-08T05:57:31.264+0000] {manager.py:889} INFO - 
================================================================================
DAG File Processing Stats

File Path                                                                                                                         PID    Runtime      # DAGs    # Errors  Last Runtime    Last Run
--------------------------------------------------------------------------------------------------------------------------------  -----  ---------  --------  ----------  --------------  -------------------
/home/vscode/.local/lib/python3.10/site-packages/airflow/example_dags/example_setup_teardown_taskflow.py                                                   0           0  0.10s           2024-12-08T05:56:48
/home/vscode/.local/lib/python3.10/site-packages/airflow/example_dags/example_setup_teardown.py                                                            0           0  0.10s           2024-12-08T05:56:49
/home/vscode/.local/lib/python3.10/site-packages/airflow/example_dags/example_kubernetes_executor.py                                                       0           0  0.10s           2024-12-08T05:56:56
/home/vscode/.local/lib/python3.10/site-packages/airflow/example_dags/example_local_kubernetes_executor.py                                                 0           0  0.10s           2024-12-08T05:57:00
/home/vscode/.local/lib/python3.10/site-packages/airflow/example_dags/subdags/subdag.py                                                                    0           0  0.10s           2024-12-08T05:57:24
/home/vscode/.local/lib/python3.10/site-packages/airflow/example_dags/plugins/event_listener.py                                                            0           0  0.10s           2024-12-08T05:57:08
/home/vscode/.local/lib/python3.10/site-packages/airflow/example_dags/plugins/workday.py                                                                   0           0  0.10s           2024-12-08T05:57:09
/home/vscode/.local/lib/python3.10/site-packages/airflow/example_dags/plugins/listener_plugin.py                                                           0           0  0.10s           2024-12-08T05:57:11
/home/vscode/.local/lib/python3.10/site-packages/airflow/example_dags/example_branch_operator.py                                                           1           0  0.20s           2024-12-08T05:57:11
/home/vscode/.local/lib/python3.10/site-packages/airflow/example_dags/example_short_circuit_decorator.py                                                   1           0  0.10s           2024-12-08T05:57:25
/home/vscode/.local/lib/python3.10/site-packages/airflow/example_dags/example_skip_dag.py                                                                  1           0  0.10s           2024-12-08T05:57:26
/home/vscode/.local/lib/python3.10/site-packages/airflow/example_dags/tutorial_dag.py                                                                      1           0  0.10s           2024-12-08T05:57:28
/home/vscode/.local/lib/python3.10/site-packages/airflow/example_dags/example_trigger_target_dag.py                                                        1           0  0.10s           2024-12-08T05:57:29
/home/vscode/.local/lib/python3.10/site-packages/airflow/example_dags/example_params_ui_tutorial.py                                                        1           0  0.10s           2024-12-08T05:57:30
/home/vscode/.local/lib/python3.10/site-packages/airflow/example_dags/example_time_delta_sensor_async.py                                                   1           0  0.10s           2024-12-08T05:57:31
/home/vscode/.local/lib/python3.10/site-packages/airflow/example_dags/example_dynamic_task_mapping.py                                                      1           0  0.20s           2024-12-08T05:57:12
/home/vscode/.local/lib/python3.10/site-packages/airflow/example_dags/example_bash_operator.py                                                             1           0  0.20s           2024-12-08T05:57:14
/home/vscode/.local/lib/python3.10/site-packages/airflow/example_dags/tutorial.py                                                                          1           0  0.30s           2024-12-08T05:56:40
/home/vscode/.local/lib/python3.10/site-packages/airflow/example_dags/example_latest_only.py                                                               1           0  0.20s           2024-12-08T05:56:41
/home/vscode/.local/lib/python3.10/site-packages/airflow/example_dags/example_params_trigger_ui.py                                                         1           0  0.30s           2024-12-08T05:56:43
/home/vscode/.local/lib/python3.10/site-packages/airflow/example_dags/example_dynamic_task_mapping_with_no_taskflow_operators.py                           1           0  0.20s           2024-12-08T05:57:15
/home/vscode/.local/lib/python3.10/site-packages/airflow/example_dags/example_task_group_decorator.py                                                      1           0  0.30s           2024-12-08T05:56:44
/home/vscode/.local/lib/python3.10/site-packages/airflow/example_dags/example_latest_only_with_trigger.py                                                  1           0  0.30s           2024-12-08T05:56:45
/home/vscode/.local/lib/python3.10/site-packages/airflow/example_dags/example_xcom.py                                                                      1           0  0.60s           2024-12-08T05:56:47
/home/vscode/.local/lib/python3.10/site-packages/airflow/example_dags/example_branch_operator_decorator.py                                                 1           0  0.20s           2024-12-08T05:57:16
/home/vscode/.local/lib/python3.10/site-packages/airflow/example_dags/example_python_operator.py                                                           1           0  0.21s           2024-12-08T05:56:52
/home/vscode/.local/lib/python3.10/site-packages/airflow/example_dags/example_branch_day_of_week_operator.py                                               1           0  0.20s           2024-12-08T05:57:19
/home/vscode/.local/lib/python3.10/site-packages/airflow/example_dags/example_short_circuit_operator.py                                                    1           0  0.30s           2024-12-08T05:56:53
/home/vscode/.local/lib/python3.10/site-packages/airflow/example_dags/example_nested_branch_dag.py                                                         1           0  0.31s           2024-12-08T05:56:54
/home/vscode/.local/lib/python3.10/site-packages/airflow/example_dags/example_passing_params_via_test_command.py                                           1           0  0.30s           2024-12-08T05:56:57
/home/vscode/.local/lib/python3.10/site-packages/airflow/example_dags/example_task_group.py                                                                1           0  0.30s           2024-12-08T05:56:58
/home/vscode/.local/lib/python3.10/site-packages/airflow/example_dags/tutorial_taskflow_api.py                                                             1           0  0.50s           2024-12-08T05:57:00
/home/vscode/.local/lib/python3.10/site-packages/airflow/example_dags/example_sensors.py                                                                   1           0  0.20s           2024-12-08T05:57:02
/home/vscode/.local/lib/python3.10/site-packages/airflow/example_dags/example_trigger_controller_dag.py                                                    1           0  0.20s           2024-12-08T05:57:03
/home/vscode/.local/lib/python3.10/site-packages/airflow/example_dags/example_sla_dag.py                                                                   1           0  0.20s           2024-12-08T05:57:05
/home/vscode/.local/lib/python3.10/site-packages/airflow/example_dags/example_dag_decorator.py                                                             1           0  0.20s           2024-12-08T05:57:20
/home/vscode/.local/lib/python3.10/site-packages/airflow/example_dags/tutorial_taskflow_api_virtualenv.py                                                  1           0  0.20s           2024-12-08T05:57:06
/home/vscode/.local/lib/python3.10/site-packages/airflow/example_dags/example_complex.py                                                                   1           0  0.20s           2024-12-08T05:57:21
/home/vscode/.local/lib/python3.10/site-packages/airflow/example_dags/example_branch_labels.py                                                             1           0  0.20s           2024-12-08T05:57:22
/home/vscode/.local/lib/python3.10/site-packages/airflow/example_dags/example_sensor_decorator.py                                                          1           0  0.20s           2024-12-08T05:57:07
/home/vscode/.local/lib/python3.10/site-packages/airflow/example_dags/example_branch_python_dop_operator_3.py                                              1           0  0.20s           2024-12-08T05:57:23
/home/vscode/.local/lib/python3.10/site-packages/airflow/example_dags/example_xcomargs.py                                                                  2           0  0.10s           2024-12-08T05:57:27
/home/vscode/.local/lib/python3.10/site-packages/airflow/example_dags/example_external_task_marker_dag.py                                                  2           0  0.30s           2024-12-08T05:57:01
/home/vscode/.local/lib/python3.10/site-packages/airflow/example_dags/example_subdag_operator.py                                                           3           0  0.30s           2024-12-08T05:56:50
/home/vscode/.local/lib/python3.10/site-packages/airflow/example_dags/example_branch_datetime_operator.py                                                  3           0  0.20s           2024-12-08T05:57:18
/home/vscode/.local/lib/python3.10/site-packages/airflow/example_dags/example_datasets.py                                                                  6           0  0.30s           2024-12-08T05:57:16
================================================================================
[2024-12-08T05:57:33.473+0000] {manager.py:758} INFO - Searching for files in /workspaces/hands-on-introduction-data-engineering-4395021/airflow/dags
[2024-12-08T05:57:33.482+0000] {manager.py:761} INFO - There are 46 files in /workspaces/hands-on-introduction-data-engineering-4395021/airflow/dags
[2024-12-08T05:57:35.753+0000] {manager.py:758} INFO - Searching for files in /workspaces/hands-on-introduction-data-engineering-4395021/airflow/dags
[2024-12-08T05:57:35.763+0000] {manager.py:761} INFO - There are 46 files in /workspaces/hands-on-introduction-data-engineering-4395021/airflow/dags
[2024-12-08T05:57:38.610+0000] {manager.py:758} INFO - Searching for files in /workspaces/hands-on-introduction-data-engineering-4395021/airflow/dags
[2024-12-08T05:57:38.619+0000] {manager.py:761} INFO - There are 46 files in /workspaces/hands-on-introduction-data-engineering-4395021/airflow/dags
[2024-12-08T05:57:40.888+0000] {manager.py:758} INFO - Searching for files in /workspaces/hands-on-introduction-data-engineering-4395021/airflow/dags
[2024-12-08T05:57:40.897+0000] {manager.py:761} INFO - There are 46 files in /workspaces/hands-on-introduction-data-engineering-4395021/airflow/dags
[2024-12-08T05:57:43.746+0000] {manager.py:758} INFO - Searching for files in /workspaces/hands-on-introduction-data-engineering-4395021/airflow/dags
[2024-12-08T05:57:43.775+0000] {manager.py:761} INFO - There are 46 files in /workspaces/hands-on-introduction-data-engineering-4395021/airflow/dags
[2024-12-08T05:57:46.198+0000] {manager.py:758} INFO - Searching for files in /workspaces/hands-on-introduction-data-engineering-4395021/airflow/dags
[2024-12-08T05:57:46.218+0000] {manager.py:761} INFO - There are 46 files in /workspaces/hands-on-introduction-data-engineering-4395021/airflow/dags
[2024-12-08T05:57:48.882+0000] {manager.py:758} INFO - Searching for files in /workspaces/hands-on-introduction-data-engineering-4395021/airflow/dags
[2024-12-08T05:57:48.891+0000] {manager.py:761} INFO - There are 46 files in /workspaces/hands-on-introduction-data-engineering-4395021/airflow/dags
[2024-12-08T05:57:51.161+0000] {manager.py:758} INFO - Searching for files in /workspaces/hands-on-introduction-data-engineering-4395021/airflow/dags
[2024-12-08T05:57:51.170+0000] {manager.py:761} INFO - There are 46 files in /workspaces/hands-on-introduction-data-engineering-4395021/airflow/dags
[2024-12-08T05:57:54.018+0000] {manager.py:758} INFO - Searching for files in /workspaces/hands-on-introduction-data-engineering-4395021/airflow/dags
[2024-12-08T05:57:54.027+0000] {manager.py:761} INFO - There are 46 files in /workspaces/hands-on-introduction-data-engineering-4395021/airflow/dags
[2024-12-08T05:57:56.305+0000] {manager.py:758} INFO - Searching for files in /workspaces/hands-on-introduction-data-engineering-4395021/airflow/dags
[2024-12-08T05:57:56.322+0000] {manager.py:761} INFO - There are 46 files in /workspaces/hands-on-introduction-data-engineering-4395021/airflow/dags
[2024-12-08T05:57:59.154+0000] {manager.py:758} INFO - Searching for files in /workspaces/hands-on-introduction-data-engineering-4395021/airflow/dags
[2024-12-08T05:57:59.163+0000] {manager.py:761} INFO - There are 46 files in /workspaces/hands-on-introduction-data-engineering-4395021/airflow/dags
[2024-12-08T05:58:01.365+0000] {manager.py:758} INFO - Searching for files in /workspaces/hands-on-introduction-data-engineering-4395021/airflow/dags
[2024-12-08T05:58:01.376+0000] {manager.py:761} INFO - There are 46 files in /workspaces/hands-on-introduction-data-engineering-4395021/airflow/dags
[2024-12-08T05:58:01.494+0000] {manager.py:889} INFO - 
================================================================================
DAG File Processing Stats

File Path                                                                                                                         PID    Runtime      # DAGs    # Errors  Last Runtime    Last Run
--------------------------------------------------------------------------------------------------------------------------------  -----  ---------  --------  ----------  --------------  -------------------
/home/vscode/.local/lib/python3.10/site-packages/airflow/example_dags/example_setup_teardown_taskflow.py                                                   0           0  0.10s           2024-12-08T05:57:37
/home/vscode/.local/lib/python3.10/site-packages/airflow/example_dags/example_setup_teardown.py                                                            0           0  0.10s           2024-12-08T05:57:38
/home/vscode/.local/lib/python3.10/site-packages/airflow/example_dags/example_kubernetes_executor.py                                                       0           0  0.10s           2024-12-08T05:57:43
/home/vscode/.local/lib/python3.10/site-packages/airflow/example_dags/example_local_kubernetes_executor.py                                                 0           0  0.10s           2024-12-08T05:57:47
/home/vscode/.local/lib/python3.10/site-packages/airflow/example_dags/subdags/subdag.py                                                                    0           0  0.10s           2024-12-08T05:57:59
/home/vscode/.local/lib/python3.10/site-packages/airflow/example_dags/plugins/event_listener.py                                                            0           0  0.10s           2024-12-08T05:57:55
/home/vscode/.local/lib/python3.10/site-packages/airflow/example_dags/plugins/workday.py                                                                   0           0  0.10s           2024-12-08T05:57:56
/home/vscode/.local/lib/python3.10/site-packages/airflow/example_dags/plugins/listener_plugin.py                                                           0           0  0.10s           2024-12-08T05:57:57
/home/vscode/.local/lib/python3.10/site-packages/airflow/example_dags/example_branch_operator.py                                                           1           0  0.10s           2024-12-08T05:57:58
/home/vscode/.local/lib/python3.10/site-packages/airflow/example_dags/example_short_circuit_decorator.py                                                   1           0  0.10s           2024-12-08T05:58:00
/home/vscode/.local/lib/python3.10/site-packages/airflow/example_dags/example_skip_dag.py                                                                  1           0  0.10s           2024-12-08T05:58:01
/home/vscode/.local/lib/python3.10/site-packages/airflow/example_dags/tutorial_dag.py                                                                      1           0  0.10s           2024-12-08T05:57:28
/home/vscode/.local/lib/python3.10/site-packages/airflow/example_dags/example_trigger_target_dag.py                                                        1           0  0.10s           2024-12-08T05:57:29
/home/vscode/.local/lib/python3.10/site-packages/airflow/example_dags/example_params_ui_tutorial.py                                                        1           0  0.10s           2024-12-08T05:57:30
/home/vscode/.local/lib/python3.10/site-packages/airflow/example_dags/example_time_delta_sensor_async.py                                                   1           0  0.10s           2024-12-08T05:57:31
/home/vscode/.local/lib/python3.10/site-packages/airflow/example_dags/example_dynamic_task_mapping.py                                                      1           0  0.20s           2024-12-08T05:57:12
/home/vscode/.local/lib/python3.10/site-packages/airflow/example_dags/example_bash_operator.py                                                             1           0  0.20s           2024-12-08T05:57:14
/home/vscode/.local/lib/python3.10/site-packages/airflow/example_dags/tutorial.py                                                                          1           0  0.10s           2024-12-08T05:57:31
/home/vscode/.local/lib/python3.10/site-packages/airflow/example_dags/example_latest_only.py                                                               1           0  0.10s           2024-12-08T05:57:32
/home/vscode/.local/lib/python3.10/site-packages/airflow/example_dags/example_params_trigger_ui.py                                                         1           0  0.10s           2024-12-08T05:57:33
/home/vscode/.local/lib/python3.10/site-packages/airflow/example_dags/example_dynamic_task_mapping_with_no_taskflow_operators.py                           1           0  0.20s           2024-12-08T05:57:15
/home/vscode/.local/lib/python3.10/site-packages/airflow/example_dags/example_task_group_decorator.py                                                      1           0  0.10s           2024-12-08T05:57:34
/home/vscode/.local/lib/python3.10/site-packages/airflow/example_dags/example_latest_only_with_trigger.py                                                  1           0  0.10s           2024-12-08T05:57:35
/home/vscode/.local/lib/python3.10/site-packages/airflow/example_dags/example_xcom.py                                                                      1           0  0.10s           2024-12-08T05:57:37
/home/vscode/.local/lib/python3.10/site-packages/airflow/example_dags/example_branch_operator_decorator.py                                                 1           0  0.20s           2024-12-08T05:57:16
/home/vscode/.local/lib/python3.10/site-packages/airflow/example_dags/example_python_operator.py                                                           1           0  0.10s           2024-12-08T05:57:41
/home/vscode/.local/lib/python3.10/site-packages/airflow/example_dags/example_branch_day_of_week_operator.py                                               1           0  0.20s           2024-12-08T05:57:19
/home/vscode/.local/lib/python3.10/site-packages/airflow/example_dags/example_short_circuit_operator.py                                                    1           0  0.10s           2024-12-08T05:57:42
/home/vscode/.local/lib/python3.10/site-packages/airflow/example_dags/example_nested_branch_dag.py                                                         1           0  0.10s           2024-12-08T05:57:42
/home/vscode/.local/lib/python3.10/site-packages/airflow/example_dags/example_passing_params_via_test_command.py                                           1           0  0.21s           2024-12-08T05:57:45
/home/vscode/.local/lib/python3.10/site-packages/airflow/example_dags/example_task_group.py                                                                1           0  0.10s           2024-12-08T05:57:46
/home/vscode/.local/lib/python3.10/site-packages/airflow/example_dags/tutorial_taskflow_api.py                                                             1           0  0.10s           2024-12-08T05:57:47
/home/vscode/.local/lib/python3.10/site-packages/airflow/example_dags/example_sensors.py                                                                   1           0  0.10s           2024-12-08T05:57:50
/home/vscode/.local/lib/python3.10/site-packages/airflow/example_dags/example_trigger_controller_dag.py                                                    1           0  0.10s           2024-12-08T05:57:51
/home/vscode/.local/lib/python3.10/site-packages/airflow/example_dags/example_sla_dag.py                                                                   1           0  0.10s           2024-12-08T05:57:52
/home/vscode/.local/lib/python3.10/site-packages/airflow/example_dags/example_dag_decorator.py                                                             1           0  0.20s           2024-12-08T05:57:20
/home/vscode/.local/lib/python3.10/site-packages/airflow/example_dags/tutorial_taskflow_api_virtualenv.py                                                  1           0  0.10s           2024-12-08T05:57:52
/home/vscode/.local/lib/python3.10/site-packages/airflow/example_dags/example_complex.py                                                                   1           0  0.20s           2024-12-08T05:57:21
/home/vscode/.local/lib/python3.10/site-packages/airflow/example_dags/example_branch_labels.py                                                             1           0  0.20s           2024-12-08T05:57:22
/home/vscode/.local/lib/python3.10/site-packages/airflow/example_dags/example_sensor_decorator.py                                                          1           0  0.10s           2024-12-08T05:57:54
/home/vscode/.local/lib/python3.10/site-packages/airflow/example_dags/example_branch_python_dop_operator_3.py                                              1           0  0.20s           2024-12-08T05:57:23
/home/vscode/.local/lib/python3.10/site-packages/airflow/example_dags/example_xcomargs.py                                                                  2           0  0.10s           2024-12-08T05:57:27
/home/vscode/.local/lib/python3.10/site-packages/airflow/example_dags/example_external_task_marker_dag.py                                                  2           0  0.10s           2024-12-08T05:57:49
/home/vscode/.local/lib/python3.10/site-packages/airflow/example_dags/example_subdag_operator.py                                                           3           0  0.10s           2024-12-08T05:57:39
/home/vscode/.local/lib/python3.10/site-packages/airflow/example_dags/example_branch_datetime_operator.py                                                  3           0  0.20s           2024-12-08T05:57:18
/home/vscode/.local/lib/python3.10/site-packages/airflow/example_dags/example_datasets.py                                                                  6           0  0.30s           2024-12-08T05:57:16
================================================================================
[2024-12-08T05:58:04.291+0000] {manager.py:758} INFO - Searching for files in /workspaces/hands-on-introduction-data-engineering-4395021/airflow/dags
[2024-12-08T05:58:04.300+0000] {manager.py:761} INFO - There are 46 files in /workspaces/hands-on-introduction-data-engineering-4395021/airflow/dags
[2024-12-08T05:58:06.570+0000] {manager.py:758} INFO - Searching for files in /workspaces/hands-on-introduction-data-engineering-4395021/airflow/dags
[2024-12-08T05:58:06.579+0000] {manager.py:761} INFO - There are 46 files in /workspaces/hands-on-introduction-data-engineering-4395021/airflow/dags
[2024-12-08T05:58:09.434+0000] {manager.py:758} INFO - Searching for files in /workspaces/hands-on-introduction-data-engineering-4395021/airflow/dags
[2024-12-08T05:58:09.451+0000] {manager.py:761} INFO - There are 46 files in /workspaces/hands-on-introduction-data-engineering-4395021/airflow/dags
[2024-12-08T05:58:11.756+0000] {manager.py:758} INFO - Searching for files in /workspaces/hands-on-introduction-data-engineering-4395021/airflow/dags
[2024-12-08T05:58:11.765+0000] {manager.py:761} INFO - There are 46 files in /workspaces/hands-on-introduction-data-engineering-4395021/airflow/dags
[2024-12-08T05:58:14.565+0000] {manager.py:758} INFO - Searching for files in /workspaces/hands-on-introduction-data-engineering-4395021/airflow/dags
[2024-12-08T05:58:14.574+0000] {manager.py:761} INFO - There are 46 files in /workspaces/hands-on-introduction-data-engineering-4395021/airflow/dags
[2024-12-08T05:58:17.655+0000] {manager.py:758} INFO - Searching for files in /workspaces/hands-on-introduction-data-engineering-4395021/airflow/dags
[2024-12-08T05:58:17.664+0000] {manager.py:761} INFO - There are 46 files in /workspaces/hands-on-introduction-data-engineering-4395021/airflow/dags
[2024-12-08T05:58:19.701+0000] {manager.py:758} INFO - Searching for files in /workspaces/hands-on-introduction-data-engineering-4395021/airflow/dags
[2024-12-08T05:58:19.710+0000] {manager.py:761} INFO - There are 46 files in /workspaces/hands-on-introduction-data-engineering-4395021/airflow/dags
[2024-12-08T05:58:21.980+0000] {manager.py:758} INFO - Searching for files in /workspaces/hands-on-introduction-data-engineering-4395021/airflow/dags
[2024-12-08T05:58:21.990+0000] {manager.py:761} INFO - There are 46 files in /workspaces/hands-on-introduction-data-engineering-4395021/airflow/dags
[2024-12-08T05:58:24.781+0000] {manager.py:758} INFO - Searching for files in /workspaces/hands-on-introduction-data-engineering-4395021/airflow/dags
[2024-12-08T05:58:24.790+0000] {manager.py:761} INFO - There are 46 files in /workspaces/hands-on-introduction-data-engineering-4395021/airflow/dags
[2024-12-08T05:58:27.070+0000] {manager.py:758} INFO - Searching for files in /workspaces/hands-on-introduction-data-engineering-4395021/airflow/dags
[2024-12-08T05:58:27.082+0000] {manager.py:761} INFO - There are 46 files in /workspaces/hands-on-introduction-data-engineering-4395021/airflow/dags
[2024-12-08T05:58:29.918+0000] {manager.py:758} INFO - Searching for files in /workspaces/hands-on-introduction-data-engineering-4395021/airflow/dags
[2024-12-08T05:58:29.927+0000] {manager.py:761} INFO - There are 46 files in /workspaces/hands-on-introduction-data-engineering-4395021/airflow/dags
[2024-12-08T05:58:30.514+0000] {manager.py:470} INFO - Exiting gracefully upon receiving signal 15
[2024-12-08T05:58:30.849+0000] {manager.py:1023} ERROR - Processor for /home/vscode/.local/lib/python3.10/site-packages/airflow/example_dags/example_passing_params_via_test_command.py exited with return code 0.
[2024-12-08T05:58:31.515+0000] {manager.py:470} INFO - Exiting gracefully upon receiving signal 15
